This is pdfTeX, Version 3.141592653-2.6-1.40.22 (TeX Live 2022/dev/Debian) (preloaded format=pdflatex 2022.5.13)  6 SEP 2022 11:57
entering extended mode
 restricted \write18 enabled.
 %&-line parsing enabled.
**main.tex
(./main.tex
LaTeX2e <2021-11-15> patch level 1
L3 programming layer <2022-01-21>
(/usr/share/texlive/texmf-dist/tex/latex/base/book.cls
Document Class: book 2021/10/04 v1.4n Standard LaTeX document class
(/usr/share/texlive/texmf-dist/tex/latex/base/bk10.clo
File: bk10.clo 2021/10/04 v1.4n Standard LaTeX file (size option)
)
\c@part=\count185
\c@chapter=\count186
\c@section=\count187
\c@subsection=\count188
\c@subsubsection=\count189
\c@paragraph=\count190
\c@subparagraph=\count191
\c@figure=\count192
\c@table=\count193
\abovecaptionskip=\skip47
\belowcaptionskip=\skip48
\bibindent=\dimen138
)
(/usr/share/texlive/texmf-dist/tex/latex/graphics/graphicx.sty
Package: graphicx 2021/09/16 v1.2d Enhanced LaTeX Graphics (DPC,SPQR)

(/usr/share/texlive/texmf-dist/tex/latex/graphics/keyval.sty
Package: keyval 2014/10/28 v1.15 key=value parser (DPC)
\KV@toks@=\toks16
)
(/usr/share/texlive/texmf-dist/tex/latex/graphics/graphics.sty
Package: graphics 2021/03/04 v1.4d Standard LaTeX Graphics (DPC,SPQR)

(/usr/share/texlive/texmf-dist/tex/latex/graphics/trig.sty
Package: trig 2021/08/11 v1.11 sin cos tan (DPC)
)
(/usr/share/texlive/texmf-dist/tex/latex/graphics-cfg/graphics.cfg
File: graphics.cfg 2016/06/04 v1.11 sample graphics configuration
)
Package graphics Info: Driver file: pdftex.def on input line 107.

(/usr/share/texlive/texmf-dist/tex/latex/graphics-def/pdftex.def
File: pdftex.def 2020/10/05 v1.2a Graphics/color driver for pdftex
))
\Gin@req@height=\dimen139
\Gin@req@width=\dimen140
)
(/usr/share/texlive/texmf-dist/tex/latex/xcolor/xcolor.sty
Package: xcolor 2021/10/31 v2.13 LaTeX color extensions (UK)

(/usr/share/texlive/texmf-dist/tex/latex/graphics-cfg/color.cfg
File: color.cfg 2016/01/02 v1.6 sample color configuration
)
Package xcolor Info: Driver file: pdftex.def on input line 227.
Package xcolor Info: Model `cmy' substituted by `cmy0' on input line 1352.
Package xcolor Info: Model `hsb' substituted by `rgb' on input line 1356.
Package xcolor Info: Model `RGB' extended on input line 1368.
Package xcolor Info: Model `HTML' substituted by `rgb' on input line 1370.
Package xcolor Info: Model `Hsb' substituted by `hsb' on input line 1371.
Package xcolor Info: Model `tHsb' substituted by `hsb' on input line 1372.
Package xcolor Info: Model `HSB' substituted by `hsb' on input line 1373.
Package xcolor Info: Model `Gray' substituted by `gray' on input line 1374.
Package xcolor Info: Model `wave' substituted by `hsb' on input line 1375.
)
(/usr/share/texlive/texmf-dist/tex/latex/framed/framed.sty
Package: framed 2011/10/22 v 0.96: framed or shaded text with page breaks
\OuterFrameSep=\skip49
\fb@frw=\dimen141
\fb@frh=\dimen142
\FrameRule=\dimen143
\FrameSep=\dimen144
)
(/usr/share/texlive/texmf-dist/tex/latex/base/alltt.sty
Package: alltt 2021/01/29 v2.0g defines alltt environment
)
(/usr/share/texlive/texmf-dist/tex/latex/geometry/geometry.sty
Package: geometry 2020/01/02 v5.9 Page Geometry

(/usr/share/texlive/texmf-dist/tex/generic/iftex/ifvtex.sty
Package: ifvtex 2019/10/25 v1.7 ifvtex legacy package. Use iftex instead.

(/usr/share/texlive/texmf-dist/tex/generic/iftex/iftex.sty
Package: iftex 2020/03/06 v1.0d TeX engine tests
))
\Gm@cnth=\count194
\Gm@cntv=\count195
\c@Gm@tempcnt=\count196
\Gm@bindingoffset=\dimen145
\Gm@wd@mp=\dimen146
\Gm@odd@mp=\dimen147
\Gm@even@mp=\dimen148
\Gm@layoutwidth=\dimen149
\Gm@layoutheight=\dimen150
\Gm@layouthoffset=\dimen151
\Gm@layoutvoffset=\dimen152
\Gm@dimlist=\toks17
)
(/usr/share/texlive/texmf-dist/tex/generic/babel/babel.sty
Package: babel 2022/01/26 3.70 The Babel package
\babel@savecnt=\count197
\U@D=\dimen153
\l@unhyphenated=\language8

(/usr/share/texlive/texmf-dist/tex/generic/babel/txtbabel.def)
\bbl@readstream=\read2
\bbl@dirlevel=\count198

(/usr/share/texlive/texmf-dist/tex/generic/babel-german/ngerman.ldf
Language: ngerman 2021/02/27 v2.13 German support for babel (post-1996 orthogra
phy)

(/usr/share/texlive/texmf-dist/tex/generic/babel-german/ngermanb.ldf
Language: ngermanb 2021/02/27 v2.13 German support for babel (post-1996 orthogr
aphy)
Package babel Info: Making " an active character on input line 122.
)))
(/usr/share/texlive/texmf-dist/tex/latex/tools/varioref.sty
Package: varioref 2021/07/07 v1.6f package for extended references (FMi)
\c@vrcnt=\count199
)
(/usr/share/texlive/texmf-dist/tex/latex/base/fontenc.sty
Package: fontenc 2021/04/29 v2.0v Standard LaTeX package
)
(/usr/share/texlive/texmf-dist/tex/latex/base/inputenc.sty
Package: inputenc 2021/02/14 v1.3d Input encoding file
\inpenc@prehook=\toks18
\inpenc@posthook=\toks19
)
(/usr/share/texlive/texmf-dist/tex/latex/setspace/setspace.sty
Package: setspace 2011/12/19 v6.7a set line spacing
)
(/usr/share/texlive/texmf-dist/tex/latex/parskip/parskip.sty
Package: parskip 2021-03-14 v2.0h non-zero parskip adjustments

(/usr/share/texlive/texmf-dist/tex/latex/kvoptions/kvoptions.sty
Package: kvoptions 2020-10-07 v3.14 Key value format for package options (HO)

(/usr/share/texlive/texmf-dist/tex/generic/ltxcmds/ltxcmds.sty
Package: ltxcmds 2020-05-10 v1.25 LaTeX kernel commands for general use (HO)
)
(/usr/share/texlive/texmf-dist/tex/generic/kvsetkeys/kvsetkeys.sty
Package: kvsetkeys 2019/12/15 v1.18 Key value parser (HO)
))
(/usr/share/texlive/texmf-dist/tex/latex/etoolbox/etoolbox.sty
Package: etoolbox 2020/10/05 v2.5k e-TeX tools for LaTeX (JAW)
\etb@tempcnta=\count266
))
(/usr/share/texlive/texmf-dist/tex/latex/amsmath/amsmath.sty
Package: amsmath 2021/10/15 v2.17l AMS math features
\@mathmargin=\skip50

For additional information on amsmath, use the `?' option.
(/usr/share/texlive/texmf-dist/tex/latex/amsmath/amstext.sty
Package: amstext 2021/08/26 v2.01 AMS text

(/usr/share/texlive/texmf-dist/tex/latex/amsmath/amsgen.sty
File: amsgen.sty 1999/11/30 v2.0 generic functions
\@emptytoks=\toks20
\ex@=\dimen154
))
(/usr/share/texlive/texmf-dist/tex/latex/amsmath/amsbsy.sty
Package: amsbsy 1999/11/29 v1.2d Bold Symbols
\pmbraise@=\dimen155
)
(/usr/share/texlive/texmf-dist/tex/latex/amsmath/amsopn.sty
Package: amsopn 2021/08/26 v2.02 operator names
)
\inf@bad=\count267
LaTeX Info: Redefining \frac on input line 234.
\uproot@=\count268
\leftroot@=\count269
LaTeX Info: Redefining \overline on input line 399.
\classnum@=\count270
\DOTSCASE@=\count271
LaTeX Info: Redefining \ldots on input line 496.
LaTeX Info: Redefining \dots on input line 499.
LaTeX Info: Redefining \cdots on input line 620.
\Mathstrutbox@=\box50
\strutbox@=\box51
\big@size=\dimen156
LaTeX Font Info:    Redeclaring font encoding OML on input line 743.
LaTeX Font Info:    Redeclaring font encoding OMS on input line 744.
\macc@depth=\count272
\c@MaxMatrixCols=\count273
\dotsspace@=\muskip16
\c@parentequation=\count274
\dspbrk@lvl=\count275
\tag@help=\toks21
\row@=\count276
\column@=\count277
\maxfields@=\count278
\andhelp@=\toks22
\eqnshift@=\dimen157
\alignsep@=\dimen158
\tagshift@=\dimen159
\tagwidth@=\dimen160
\totwidth@=\dimen161
\lineht@=\dimen162
\@envbody=\toks23
\multlinegap=\skip51
\multlinetaggap=\skip52
\mathdisplay@stack=\toks24
LaTeX Info: Redefining \[ on input line 2938.
LaTeX Info: Redefining \] on input line 2939.
)
(/usr/share/texlive/texmf-dist/tex/latex/amsfonts/amsfonts.sty
Package: amsfonts 2013/01/14 v3.01 Basic AMSFonts support
\symAMSa=\mathgroup4
\symAMSb=\mathgroup5
LaTeX Font Info:    Redeclaring math symbol \hbar on input line 98.
LaTeX Font Info:    Overwriting math alphabet `\mathfrak' in version `bold'
(Font)                  U/euf/m/n --> U/euf/b/n on input line 106.
)
(/usr/share/texlive/texmf-dist/tex/latex/amsfonts/amssymb.sty
Package: amssymb 2013/01/14 v3.01 AMS font symbols
)
(/usr/share/texlive/texmf-dist/tex/latex/amscls/amsthm.sty
Package: amsthm 2020/05/29 v2.20.6
\thm@style=\toks25
\thm@bodyfont=\toks26
\thm@headfont=\toks27
\thm@notefont=\toks28
\thm@headpunct=\toks29
\thm@preskip=\skip53
\thm@postskip=\skip54
\thm@headsep=\skip55
\dth@everypar=\toks30
)
(/usr/share/texlive/texmf-dist/tex/latex/mathtools/mathtools.sty
Package: mathtools 2021/02/02 v1.28 mathematical typesetting tools

(/usr/share/texlive/texmf-dist/tex/latex/tools/calc.sty
Package: calc 2017/05/25 v4.3 Infix arithmetic (KKT,FJ)
\calc@Acount=\count279
\calc@Bcount=\count280
\calc@Adimen=\dimen163
\calc@Bdimen=\dimen164
\calc@Askip=\skip56
\calc@Bskip=\skip57
LaTeX Info: Redefining \setlength on input line 80.
LaTeX Info: Redefining \addtolength on input line 81.
\calc@Ccount=\count281
\calc@Cskip=\skip58
)
(/usr/share/texlive/texmf-dist/tex/latex/mathtools/mhsetup.sty
Package: mhsetup 2021/03/18 v1.4 programming setup (MH)
)
\g_MT_multlinerow_int=\count282
\l_MT_multwidth_dim=\dimen165
\origjot=\skip59
\l_MT_shortvdotswithinadjustabove_dim=\dimen166
\l_MT_shortvdotswithinadjustbelow_dim=\dimen167
\l_MT_above_intertext_sep=\dimen168
\l_MT_below_intertext_sep=\dimen169
\l_MT_above_shortintertext_sep=\dimen170
\l_MT_below_shortintertext_sep=\dimen171
\xmathstrut@box=\box52
\xmathstrut@dim=\dimen172
)
(/usr/share/texlive/texmf-dist/tex/latex/jknapltx/mathrsfs.sty
Package: mathrsfs 1996/01/01 Math RSFS package v1.0 (jk)
\symrsfs=\mathgroup6
)
(/usr/share/texlive/texmf-dist/tex/latex/psnfss/mathpazo.sty
Package: mathpazo 2020/03/25 PSNFSS-v9.3 Palatino w/ Pazo Math (D.Puga, WaS) 
\symupright=\mathgroup7
)
(/usr/share/texlive/texmf-dist/tex/latex/adjustbox/adjustbox.sty
Package: adjustbox 2020/08/19 v1.3 Adjusting TeX boxes (trim, clip, ...)

(/usr/share/texlive/texmf-dist/tex/latex/xkeyval/xkeyval.sty
Package: xkeyval 2020/11/20 v2.8 package option processing (HA)

(/usr/share/texlive/texmf-dist/tex/generic/xkeyval/xkeyval.tex
(/usr/share/texlive/texmf-dist/tex/generic/xkeyval/xkvutils.tex
\XKV@toks=\toks31
\XKV@tempa@toks=\toks32
)
\XKV@depth=\count283
File: xkeyval.tex 2014/12/03 v2.7a key=value parser (HA)
))
(/usr/share/texlive/texmf-dist/tex/latex/adjustbox/adjcalc.sty
Package: adjcalc 2012/05/16 v1.1 Provides advanced setlength with multiple back
-ends (calc, etex, pgfmath)
)
(/usr/share/texlive/texmf-dist/tex/latex/adjustbox/trimclip.sty
Package: trimclip 2020/08/19 v1.2 Trim and clip general TeX material

(/usr/share/texlive/texmf-dist/tex/latex/collectbox/collectbox.sty
Package: collectbox 2012/05/17 v0.4b Collect macro arguments as boxes
\collectedbox=\box53
)
\tc@llx=\dimen173
\tc@lly=\dimen174
\tc@urx=\dimen175
\tc@ury=\dimen176
Package trimclip Info: Using driver 'tc-pdftex.def'.

(/usr/share/texlive/texmf-dist/tex/latex/adjustbox/tc-pdftex.def
File: tc-pdftex.def 2019/01/04 v2.2 Clipping driver for pdftex
))
\adjbox@Width=\dimen177
\adjbox@Height=\dimen178
\adjbox@Depth=\dimen179
\adjbox@Totalheight=\dimen180
\adjbox@pwidth=\dimen181
\adjbox@pheight=\dimen182
\adjbox@pdepth=\dimen183
\adjbox@ptotalheight=\dimen184

(/usr/share/texlive/texmf-dist/tex/latex/ifoddpage/ifoddpage.sty
Package: ifoddpage 2016/04/23 v1.1 Conditionals for odd/even page detection
\c@checkoddpage=\count284
)
(/usr/share/texlive/texmf-dist/tex/latex/varwidth/varwidth.sty
Package: varwidth 2009/03/30 ver 0.92;  Variable-width minipages
\@vwid@box=\box54
\sift@deathcycles=\count285
\@vwid@loff=\dimen185
\@vwid@roff=\dimen186
))
(/usr/share/texlive/texmf-dist/tex/latex/booktabs/booktabs.sty
Package: booktabs 2020/01/12 v1.61803398 Publication quality tables
\heavyrulewidth=\dimen187
\lightrulewidth=\dimen188
\cmidrulewidth=\dimen189
\belowrulesep=\dimen190
\belowbottomsep=\dimen191
\aboverulesep=\dimen192
\abovetopsep=\dimen193
\cmidrulesep=\dimen194
\cmidrulekern=\dimen195
\defaultaddspace=\dimen196
\@cmidla=\count286
\@cmidlb=\count287
\@aboverulesep=\dimen197
\@belowrulesep=\dimen198
\@thisruleclass=\count288
\@lastruleclass=\count289
\@thisrulewidth=\dimen199
)
(/usr/share/texlive/texmf-dist/tex/latex/caption/caption.sty
Package: caption 2020/10/26 v3.5g Customizing captions (AR)

(/usr/share/texlive/texmf-dist/tex/latex/caption/caption3.sty
Package: caption3 2020/10/21 v2.2e caption3 kernel (AR)
\captionmargin=\dimen256
\captionmargin@=\dimen257
\captionwidth=\dimen258
\caption@tempdima=\dimen259
\caption@indent=\dimen260
\caption@parindent=\dimen261
\caption@hangindent=\dimen262
Package caption Info: Standard document class detected.
)
\c@caption@flags=\count290
\c@continuedfloat=\count291
)
(/usr/share/texlive/texmf-dist/tex/latex/natbib/natbib.sty
Package: natbib 2010/09/13 8.31b (PWD, AO)
\bibhang=\skip60
\bibsep=\skip61
LaTeX Info: Redefining \cite on input line 694.
\c@NAT@ctr=\count292
)
(/usr/share/texlive/texmf-dist/tex/latex/base/fontenc.sty
Package: fontenc 2021/04/29 v2.0v Standard LaTeX package
LaTeX Font Info:    Trying to load font information for T1+pplx on input line 1
12.

(/usr/share/texlive/texmf-dist/tex/latex/psnfss/t1pplx.fd
File: t1pplx.fd 2004/09/06 font definitions for T1/pplx.
))
(/usr/share/texlive/texmf-dist/tex/latex/hyperref/hyperref.sty
Package: hyperref 2021-06-07 v7.00m Hypertext links for LaTeX

(/usr/share/texlive/texmf-dist/tex/generic/pdftexcmds/pdftexcmds.sty
Package: pdftexcmds 2020-06-27 v0.33 Utility functions of pdfTeX for LuaTeX (HO
)

(/usr/share/texlive/texmf-dist/tex/generic/infwarerr/infwarerr.sty
Package: infwarerr 2019/12/03 v1.5 Providing info/warning/error messages (HO)
)
Package pdftexcmds Info: \pdf@primitive is available.
Package pdftexcmds Info: \pdf@ifprimitive is available.
Package pdftexcmds Info: \pdfdraftmode found.
)
(/usr/share/texlive/texmf-dist/tex/generic/kvdefinekeys/kvdefinekeys.sty
Package: kvdefinekeys 2019-12-19 v1.6 Define keys (HO)
)
(/usr/share/texlive/texmf-dist/tex/generic/pdfescape/pdfescape.sty
Package: pdfescape 2019/12/09 v1.15 Implements pdfTeX's escape features (HO)
)
(/usr/share/texlive/texmf-dist/tex/latex/hycolor/hycolor.sty
Package: hycolor 2020-01-27 v1.10 Color options for hyperref/bookmark (HO)
)
(/usr/share/texlive/texmf-dist/tex/latex/letltxmacro/letltxmacro.sty
Package: letltxmacro 2019/12/03 v1.6 Let assignment for LaTeX macros (HO)
)
(/usr/share/texlive/texmf-dist/tex/latex/auxhook/auxhook.sty
Package: auxhook 2019-12-17 v1.6 Hooks for auxiliary files (HO)
)
\@linkdim=\dimen263
\Hy@linkcounter=\count293
\Hy@pagecounter=\count294

(/usr/share/texlive/texmf-dist/tex/latex/hyperref/pd1enc.def
File: pd1enc.def 2021-06-07 v7.00m Hyperref: PDFDocEncoding definition (HO)
Now handling font encoding PD1 ...
... no UTF-8 mapping file for font encoding PD1
)
(/usr/share/texlive/texmf-dist/tex/latex/hyperref/hyperref-langpatches.def
File: hyperref-langpatches.def 2021-06-07 v7.00m Hyperref: patches for babel la
nguages
)
(/usr/share/texlive/texmf-dist/tex/generic/intcalc/intcalc.sty
Package: intcalc 2019/12/15 v1.3 Expandable calculations with integers (HO)
)
(/usr/share/texlive/texmf-dist/tex/generic/etexcmds/etexcmds.sty
Package: etexcmds 2019/12/15 v1.7 Avoid name clashes with e-TeX commands (HO)
)
\Hy@SavedSpaceFactor=\count295

(/usr/share/texlive/texmf-dist/tex/latex/hyperref/puenc.def
File: puenc.def 2021-06-07 v7.00m Hyperref: PDF Unicode definition (HO)
Now handling font encoding PU ...
... no UTF-8 mapping file for font encoding PU
)
Package hyperref Info: Hyper figures OFF on input line 4192.
Package hyperref Info: Link nesting OFF on input line 4197.
Package hyperref Info: Hyper index ON on input line 4200.
Package hyperref Info: Plain pages OFF on input line 4207.
Package hyperref Info: Backreferencing OFF on input line 4212.
Package hyperref Info: Implicit mode ON; LaTeX internals redefined.
Package hyperref Info: Bookmarks ON on input line 4445.
\c@Hy@tempcnt=\count296

(/usr/share/texlive/texmf-dist/tex/latex/url/url.sty
\Urlmuskip=\muskip17
Package: url 2013/09/16  ver 3.4  Verb mode for urls, etc.
)
LaTeX Info: Redefining \url on input line 4804.
\XeTeXLinkMargin=\dimen264

(/usr/share/texlive/texmf-dist/tex/generic/bitset/bitset.sty
Package: bitset 2019/12/09 v1.3 Handle bit-vector datatype (HO)

(/usr/share/texlive/texmf-dist/tex/generic/bigintcalc/bigintcalc.sty
Package: bigintcalc 2019/12/15 v1.5 Expandable calculations on big integers (HO
)
))
\Fld@menulength=\count297
\Field@Width=\dimen265
\Fld@charsize=\dimen266
Package hyperref Info: Hyper figures OFF on input line 6076.
Package hyperref Info: Link nesting OFF on input line 6081.
Package hyperref Info: Hyper index ON on input line 6084.
Package hyperref Info: backreferencing OFF on input line 6091.
Package hyperref Info: Link coloring OFF on input line 6096.
Package hyperref Info: Link coloring with OCG OFF on input line 6101.
Package hyperref Info: PDF/A mode OFF on input line 6106.
LaTeX Info: Redefining \ref on input line 6146.
LaTeX Info: Redefining \pageref on input line 6150.

(/usr/share/texlive/texmf-dist/tex/latex/base/atbegshi-ltx.sty
Package: atbegshi-ltx 2021/01/10 v1.0c Emulation of the original atbegshi
package with kernel methods
)
\Hy@abspage=\count298
\c@Item=\count299
\c@Hfootnote=\count300
)
Package hyperref Info: Driver (autodetected): hpdftex.

(/usr/share/texlive/texmf-dist/tex/latex/hyperref/hpdftex.def
File: hpdftex.def 2021-06-07 v7.00m Hyperref driver for pdfTeX

(/usr/share/texlive/texmf-dist/tex/latex/base/atveryend-ltx.sty
Package: atveryend-ltx 2020/08/19 v1.0a Emulation of the original atveryend pac
kage
with kernel methods
)
\Fld@listcount=\count301
\c@bookmark@seq@number=\count302

(/usr/share/texlive/texmf-dist/tex/latex/rerunfilecheck/rerunfilecheck.sty
Package: rerunfilecheck 2019/12/05 v1.9 Rerun checks for auxiliary files (HO)

(/usr/share/texlive/texmf-dist/tex/generic/uniquecounter/uniquecounter.sty
Package: uniquecounter 2019/12/15 v1.4 Provide unlimited unique counter (HO)
)
Package uniquecounter Info: New unique counter `rerunfilecheck' on input line 2
86.
)
\Hy@SectionHShift=\skip62
)
(/usr/share/texlive/texmf-dist/tex/latex/upquote/upquote.sty
Package: upquote 2012/04/19 v1.3 upright-quote and grave-accent glyphs in verba
tim

(/usr/share/texlive/texmf-dist/tex/latex/base/textcomp.sty
Package: textcomp 2020/02/02 v2.0n Standard LaTeX package
))
(/usr/share/texlive/texmf-dist/tex/latex/l3backend/l3backend-pdftex.def
File: l3backend-pdftex.def 2022-01-12 L3 backend support: PDF output (pdfTeX)
\l__color_backend_stack_int=\count303
\l__pdf_internal_box=\box55
)
(./main.aux)
\openout1 = `main.aux'.

LaTeX Font Info:    Checking defaults for OML/cmm/m/it on input line 119.
LaTeX Font Info:    ... okay on input line 119.
LaTeX Font Info:    Checking defaults for OMS/cmsy/m/n on input line 119.
LaTeX Font Info:    ... okay on input line 119.
LaTeX Font Info:    Checking defaults for OT1/cmr/m/n on input line 119.
LaTeX Font Info:    ... okay on input line 119.
LaTeX Font Info:    Checking defaults for T1/cmr/m/n on input line 119.
LaTeX Font Info:    ... okay on input line 119.
LaTeX Font Info:    Checking defaults for TS1/cmr/m/n on input line 119.
LaTeX Font Info:    ... okay on input line 119.
LaTeX Font Info:    Checking defaults for OMX/cmex/m/n on input line 119.
LaTeX Font Info:    ... okay on input line 119.
LaTeX Font Info:    Checking defaults for U/cmr/m/n on input line 119.
LaTeX Font Info:    ... okay on input line 119.
LaTeX Font Info:    Checking defaults for PD1/pdf/m/n on input line 119.
LaTeX Font Info:    ... okay on input line 119.
LaTeX Font Info:    Checking defaults for PU/pdf/m/n on input line 119.
LaTeX Font Info:    ... okay on input line 119.
 (/usr/share/texlive/texmf-dist/tex/context/base/mkii/supp-pdf.mkii
[Loading MPS to PDF converter (version 2006.09.02).]
\scratchcounter=\count304
\scratchdimen=\dimen267
\scratchbox=\box56
\nofMPsegments=\count305
\nofMParguments=\count306
\everyMPshowfont=\toks33
\MPscratchCnt=\count307
\MPscratchDim=\dimen268
\MPnumerator=\count308
\makeMPintoPDFobject=\count309
\everyMPtoPDFconversion=\toks34
) (/usr/share/texlive/texmf-dist/tex/latex/epstopdf-pkg/epstopdf-base.sty
Package: epstopdf-base 2020-01-24 v2.11 Base part for package epstopdf
Package epstopdf-base Info: Redefining graphics rule for `.eps' on input line 4
85.

(/usr/share/texlive/texmf-dist/tex/latex/latexconfig/epstopdf-sys.cfg
File: epstopdf-sys.cfg 2010/07/13 v1.3 Configuration of (r)epstopdf for TeX Liv
e
))
*geometry* driver: auto-detecting
*geometry* detected driver: pdftex
*geometry* verbose mode - [ preamble ] result:
* driver: pdftex
* paper: a4paper
* layout: <same size as paper>
* layoutoffset:(h,v)=(0.0pt,0.0pt)
* modes: 
* h-part:(L,W,R)=(85.35826pt, 426.79135pt, 85.35826pt)
* v-part:(T,H,B)=(71.13188pt, 702.78308pt, 71.13188pt)
* \paperwidth=597.50787pt
* \paperheight=845.04684pt
* \textwidth=426.79135pt
* \textheight=702.78308pt
* \oddsidemargin=13.08827pt
* \evensidemargin=13.08827pt
* \topmargin=-31.2056pt
* \headheight=12.0pt
* \headsep=18.06749pt
* \topskip=10.0pt
* \footskip=25.29494pt
* \marginparwidth=69.0pt
* \marginparsep=7.0pt
* \columnsep=10.0pt
* \skip\footins=9.0pt plus 4.0pt minus 2.0pt
* \hoffset=0.0pt
* \voffset=0.0pt
* \mag=1000
* \@twocolumnfalse
* \@twosidefalse
* \@mparswitchfalse
* \@reversemarginfalse
* (1in=72.27pt=25.4mm, 1cm=28.453pt)

Package caption Info: Begin \AtBeginDocument code.
Package caption Info: hyperref package is loaded.
Package caption Info: End \AtBeginDocument code.
Package hyperref Info: Link coloring OFF on input line 119.
(/usr/share/texlive/texmf-dist/tex/latex/hyperref/nameref.sty
Package: nameref 2021-04-02 v2.47 Cross-referencing by name of section

(/usr/share/texlive/texmf-dist/tex/latex/refcount/refcount.sty
Package: refcount 2019/12/15 v3.6 Data extraction from label references (HO)
)
(/usr/share/texlive/texmf-dist/tex/generic/gettitlestring/gettitlestring.sty
Package: gettitlestring 2019/12/15 v1.6 Cleanup title references (HO)
)
\c@section@level=\count310
LaTeX Info: Redefining \Ref on input line 520.
)
LaTeX Info: Redefining \ref on input line 119.
LaTeX Info: Redefining \pageref on input line 119.
LaTeX Info: Redefining \nameref on input line 119.

(./main.out) (./main.out)
\@outlinefile=\write3
\openout3 = `main.out'.

LaTeX Info: Redefining \Ref on input line 119.
LaTeX Font Info:    Trying to load font information for OT1+pplx on input line 
124.

(/usr/share/texlive/texmf-dist/tex/latex/psnfss/ot1pplx.fd
File: ot1pplx.fd 2004/09/06 font definitions for OT1/pplx.
)
LaTeX Font Info:    Trying to load font information for OML+zplm on input line 
124.

(/usr/share/texlive/texmf-dist/tex/latex/psnfss/omlzplm.fd
File: omlzplm.fd 2002/09/08 Fontinst v1.914 font definitions for OML/zplm.
)
LaTeX Font Info:    Trying to load font information for OMS+zplm on input line 
124.

(/usr/share/texlive/texmf-dist/tex/latex/psnfss/omszplm.fd
File: omszplm.fd 2002/09/08 Fontinst v1.914 font definitions for OMS/zplm.
)
LaTeX Font Info:    Trying to load font information for OMX+zplm on input line 
124.

(/usr/share/texlive/texmf-dist/tex/latex/psnfss/omxzplm.fd
File: omxzplm.fd 2002/09/08 Fontinst v1.914 font definitions for OMX/zplm.
)
LaTeX Font Info:    Font shape `U/msa/m/n' will be
(Font)              scaled to size 12.50409pt on input line 124.
LaTeX Font Info:    Font shape `U/msa/m/n' will be
(Font)              scaled to size 9.37807pt on input line 124.
LaTeX Font Info:    Font shape `U/msa/m/n' will be
(Font)              scaled to size 7.29405pt on input line 124.
LaTeX Font Info:    Font shape `U/msb/m/n' will be
(Font)              scaled to size 12.50409pt on input line 124.
LaTeX Font Info:    Font shape `U/msb/m/n' will be
(Font)              scaled to size 9.37807pt on input line 124.
LaTeX Font Info:    Font shape `U/msb/m/n' will be
(Font)              scaled to size 7.29405pt on input line 124.
LaTeX Font Info:    Trying to load font information for U+rsfs on input line 12
4.

(/usr/share/texlive/texmf-dist/tex/latex/jknapltx/ursfs.fd
File: ursfs.fd 1998/03/24 rsfs font definition file (jk)
)
LaTeX Font Info:    Trying to load font information for OT1+zplm on input line 
124.

(/usr/share/texlive/texmf-dist/tex/latex/psnfss/ot1zplm.fd
File: ot1zplm.fd 2002/09/08 Fontinst v1.914 font definitions for OT1/zplm.
)
LaTeX Font Info:    Trying to load font information for T1+cmtt on input line 1
24.

(/usr/share/texlive/texmf-dist/tex/latex/base/t1cmtt.fd
File: t1cmtt.fd 2019/12/16 v2.5j Standard LaTeX font definitions
) [1



{/var/lib/texmf/fonts/map/pdftex/updmap/pdftex.map}] (./main.toc
LaTeX Font Info:    Font shape `U/msa/m/n' will be
(Font)              scaled to size 10.42007pt on input line 10.
LaTeX Font Info:    Font shape `U/msa/m/n' will be
(Font)              scaled to size 7.91925pt on input line 10.
LaTeX Font Info:    Font shape `U/msa/m/n' will be
(Font)              scaled to size 6.25204pt on input line 10.
LaTeX Font Info:    Font shape `U/msb/m/n' will be
(Font)              scaled to size 10.42007pt on input line 10.
LaTeX Font Info:    Font shape `U/msb/m/n' will be
(Font)              scaled to size 7.91925pt on input line 10.
LaTeX Font Info:    Font shape `U/msb/m/n' will be
(Font)              scaled to size 6.25204pt on input line 10.
pdfTeX warning (ext4): destination with the same identifier (name{page.i}) has 
been already used, duplicate ignored
<to be read again> 
                   \relax 
l.120 ... zentrale Grenzwertsatz}{78}{section.7.3}
                                                  % [1

]
LaTeX Font Info:    Font shape `T1/pplx/m/sl' in size <10> not available
(Font)              Font shape `T1/pplx/m/it' tried instead on input line 275.
 [2])
\tf@toc=\write4
\openout4 = `main.toc'.

 [3]
Kapitel 1.
LaTeX Font Info:    Trying to load font information for TS1+pplx on input line 
148.
(/usr/share/texlive/texmf-dist/tex/latex/psnfss/ts1pplx.fd
File: ts1pplx.fd 2004/09/06 font definitions for TS1/pplx.
) [1


] [2] [3]
Kapitel 2.
<figs/RStudio.png, id=669, 1854.93pt x 1179.40625pt>
File: figs/RStudio.png Graphic file (type png)
<use figs/RStudio.png>
Package pdftex.def Info: figs/RStudio.png  used on input line 364.
(pdftex.def)             Requested size: 1854.92549pt x 1179.40338pt.
[4

] [5 <./figs/RStudio.png>]
LaTeX Font Info:    Font shape `T1/cmtt/bx/n' in size <10> not available
(Font)              Font shape `T1/cmtt/m/n' tried instead on input line 449.
 [6]
LaTeX Font Info:    Font shape `U/msa/m/n' will be
(Font)              scaled to size 8.33606pt on input line 593.
LaTeX Font Info:    Font shape `U/msa/m/n' will be
(Font)              scaled to size 5.21004pt on input line 593.
LaTeX Font Info:    Font shape `U/msb/m/n' will be
(Font)              scaled to size 8.33606pt on input line 593.
LaTeX Font Info:    Font shape `U/msb/m/n' will be
(Font)              scaled to size 5.21004pt on input line 593.

Overfull \hbox (3.81448pt too wide) in paragraph at lines 585--599
 []\T1/pplx/b/n/10 Aufgabe.[] \T1/pplx/m/n/10 Kli-cken Sie in RStu-dio auf \T1/
cmtt/m/n/10 File, New Project..., New directory, Empty project
 []

[7]
LaTeX Font Info:    Trying to load font information for TS1+cmtt on input line 
749.
 (/usr/share/texlive/texmf-dist/tex/latex/base/ts1cmtt.fd
File: ts1cmtt.fd 2019/12/16 v2.5j Standard LaTeX font definitions
) [8] [9]
Kapitel 3.
[10

]
<figs/wide_data_subject.png, id=737, 1369.115pt x 544.0325pt>
File: figs/wide_data_subject.png Graphic file (type png)
<use figs/wide_data_subject.png>
Package pdftex.def Info: figs/wide_data_subject.png  used on input line 875.
(pdftex.def)             Requested size: 426.79135pt x 169.58636pt.
<figs/wide_data_item.png, id=738, 960.58875pt x 411.5375pt>
File: figs/wide_data_item.png Graphic file (type png)
<use figs/wide_data_item.png>
Package pdftex.def Info: figs/wide_data_item.png  used on input line 881.
(pdftex.def)             Requested size: 426.79135pt x 182.84789pt.
 [11 <./figs/wide_data_subject.png>]
<figs/long_data.png, id=753, 931.48pt x 671.50874pt>
File: figs/long_data.png Graphic file (type png)
<use figs/long_data.png>
Package pdftex.def Info: figs/long_data.png  used on input line 898.
(pdftex.def)             Requested size: 426.79135pt x 307.67845pt.
<figs/long_data_nicht_so.png, id=755, 931.48pt x 620.3175pt>
File: figs/long_data_nicht_so.png Graphic file (type png)
<use figs/long_data_nicht_so.png>
Package pdftex.def Info: figs/long_data_nicht_so.png  used on input line 911.
(pdftex.def)             Requested size: 426.79135pt x 284.22314pt.
<figs/datensatz_schlecht.png, id=757, 997.7275pt x 901.3675pt>
File: figs/datensatz_schlecht.png Graphic file (type png)
<use figs/datensatz_schlecht.png>
Package pdftex.def Info: figs/datensatz_schlecht.png  used on input line 943.
(pdftex.def)             Requested size: 426.79135pt x 385.57242pt.
 [12 <./figs/wide_data_item.png>]
[13 <./figs/long_data.png> <./figs/long_data_nicht_so.png>] [14 <./figs/datensa
tz_schlecht.png>]
<figs/versuchspersonen.png, id=781, 739.76375pt x 406.51875pt>
File: figs/versuchspersonen.png Graphic file (type png)
<use figs/versuchspersonen.png>
Package pdftex.def Info: figs/versuchspersonen.png  used on input line 1050.
(pdftex.def)             Requested size: 739.76193pt x 406.51775pt.
<figs/woerter.png, id=782, 627.34375pt x 430.60875pt>
File: figs/woerter.png Graphic file (type png)
<use figs/woerter.png>
Package pdftex.def Info: figs/woerter.png  used on input line 1058.
(pdftex.def)             Requested size: 627.34221pt x 430.60768pt.
<figs/uebersetzungen.png, id=783, 627.34375pt x 638.385pt>
File: figs/uebersetzungen.png Graphic file (type png)
<use figs/uebersetzungen.png>
Package pdftex.def Info: figs/uebersetzungen.png  used on input line 1065.
(pdftex.def)             Requested size: 627.34221pt x 638.38342pt.
 [15] [16 <./figs/versuchspersonen.png> <./figs/woerter.png>]
[17 <./figs/uebersetzungen.png>] [18] [19]
<figs/csv.png, id=825, 496.85625pt x 268.00125pt>
File: figs/csv.png Graphic file (type png)
<use figs/csv.png>
Package pdftex.def Info: figs/csv.png  used on input line 1344.
(pdftex.def)             Requested size: 496.85503pt x 268.00058pt.
 [20 <./figs/csv.png>] [21] [22]
[23] [24] [25]
Overfull \hbox (13.12312pt too wide) in paragraph at lines 1835--1840
\T1/pplx/m/n/10 sind ins-be-son-de-re bei gros-sen Da-ten-sät-zen nütz-lich. Be
i-spie-le sind \T1/cmtt/m/n/10 contains() \T1/pplx/m/n/10 und \T1/cmtt/m/n/10 s
tarts_with()\T1/pplx/m/n/10 .
 []

[26] [27] [28]
Overfull \hbox (16.049pt too wide) in paragraph at lines 2050--2056
\T1/pplx/m/n/10 ers-ten Ver-suchs-per-so-nen wa-ren al-le Portugiesisch--Franzö
sisch-Zwei-sprachige, die nicht auf Deutsch
 []

[29]
Overfull \hbox (10.6962pt too wide) in paragraph at lines 2173--2178
[]\T1/pplx/m/n/10 Die No-ta-ti-on \T1/cmtt/m/n/10 French_1:German_3 \T1/pplx/m/
n/10 se-lek-tiert üb-ri-gens al-le Spal-ten zwi-schen \T1/cmtt/m/n/10 French_1 
\T1/pplx/m/n/10 und \T1/cmtt/m/n/10 German_3
 []

[30] [31] [32] [33]
Overfull \hbox (11.41687pt too wide) in paragraph at lines 2477--2478
[]\T1/pplx/m/n/10 Zeigen Sie die Spa-ni-sch-er-geb-nis-se in der 1. und 2. Klas
-se im \T1/pplx/m/it/10 Eng-lish im-mer-si-on\T1/pplx/m/n/10 -Programm
 []

[34]

LaTeX Warning: `h' float specifier changed to `ht'.


LaTeX Warning: `h' float specifier changed to `ht'.


LaTeX Warning: `h' float specifier changed to `ht'.


LaTeX Warning: `!h' float specifier changed to `!ht'.

[35] [36]
Kapitel 4.
<figs/unnamed-chunk-78-1.pdf, id=962, 433.62pt x 216.81pt>
File: figs/unnamed-chunk-78-1.pdf Graphic file (type pdf)
<use figs/unnamed-chunk-78-1.pdf>
Package pdftex.def Info: figs/unnamed-chunk-78-1.pdf  used on input line 2771.
(pdftex.def)             Requested size: 341.43437pt x 170.72554pt.
[37

] [38 <./figs/unnamed-chunk-78-1.pdf>]
<figs/unnamed-chunk-82-1.pdf, id=983, 289.08pt x 180.675pt>
File: figs/unnamed-chunk-82-1.pdf Graphic file (type pdf)
<use figs/unnamed-chunk-82-1.pdf>
Package pdftex.def Info: figs/unnamed-chunk-82-1.pdf  used on input line 2906.
(pdftex.def)             Requested size: 213.39568pt x 133.37209pt.
 [39]
<figs/unnamed-chunk-84-1.pdf, id=992, 578.16pt x 144.54pt>
File: figs/unnamed-chunk-84-1.pdf Graphic file (type pdf)
<use figs/unnamed-chunk-84-1.pdf>
Package pdftex.def Info: figs/unnamed-chunk-84-1.pdf  used on input line 2969.
(pdftex.def)             Requested size: 426.79135pt x 106.69766pt.
<figs/unnamed-chunk-85-1.pdf, id=994, 614.295pt x 158.5925pt>
File: figs/unnamed-chunk-85-1.pdf Graphic file (type pdf)
<use figs/unnamed-chunk-85-1.pdf>
Package pdftex.def Info: figs/unnamed-chunk-85-1.pdf  used on input line 2999.
(pdftex.def)             Requested size: 426.79135pt x 110.18636pt.
 [40 <./figs/unnamed-chunk-82-1.pdf>] [41 <./figs/unnamed-chunk-84-1.pdf> <./fi
gs/unnamed-chunk-85-1.pdf

pdfTeX warning: /usr/bin/pdflatex (file ./figs/unnamed-chunk-85-1.pdf): PDF inc
lusion: multiple pdfs with page group included in a single page
>]
Underfull \hbox (badness 10000) in paragraph at lines 3228--3228
[]\T1/cmtt/m/n/10 Error in zwresultate[[i - 1]]: attempt to select less than on
e element in
 []

[42] [43] [44] [45] [46] [47] [48]
<figs/unnamed-chunk-110-1.pdf, id=1100, 433.62pt x 144.54pt>
File: figs/unnamed-chunk-110-1.pdf Graphic file (type pdf)
<use figs/unnamed-chunk-110-1.pdf>
Package pdftex.def Info: figs/unnamed-chunk-110-1.pdf  used on input line 3748.

(pdftex.def)             Requested size: 426.79135pt x 142.27016pt.
<figs/unnamed-chunk-111-1.pdf, id=1104, 433.62pt x 289.08pt>
File: figs/unnamed-chunk-111-1.pdf Graphic file (type pdf)
<use figs/unnamed-chunk-111-1.pdf>
Package pdftex.def Info: figs/unnamed-chunk-111-1.pdf  used on input line 3766.

(pdftex.def)             Requested size: 426.79135pt x 284.54036pt.
<figs/unnamed-chunk-112-1.pdf, id=1107, 578.16pt x 144.54pt>
File: figs/unnamed-chunk-112-1.pdf Graphic file (type pdf)
<use figs/unnamed-chunk-112-1.pdf>
Package pdftex.def Info: figs/unnamed-chunk-112-1.pdf  used on input line 3802.

(pdftex.def)             Requested size: 426.79135pt x 106.69766pt.
<figs/unnamed-chunk-113-1.pdf, id=1109, 289.08pt x 216.81pt>
File: figs/unnamed-chunk-113-1.pdf Graphic file (type pdf)
<use figs/unnamed-chunk-113-1.pdf>
Package pdftex.def Info: figs/unnamed-chunk-113-1.pdf  used on input line 3819.

(pdftex.def)             Requested size: 170.71393pt x 128.03587pt.
 [49 <./figs/unnamed-chunk-110-1.pdf>]
[50 <./figs/unnamed-chunk-111-1.pdf> <./figs/unnamed-chunk-112-1.pdf

pdfTeX warning: /usr/bin/pdflatex (file ./figs/unnamed-chunk-112-1.pdf): PDF in
clusion: multiple pdfs with page group included in a single page
> <./figs/unnamed-chunk-113-1.pdf

pdfTeX warning: /usr/bin/pdflatex (file ./figs/unnamed-chunk-113-1.pdf): PDF in
clusion: multiple pdfs with page group included in a single page
>]
<figs/unnamed-chunk-114-1.pdf, id=1186, 578.16pt x 144.54pt>
File: figs/unnamed-chunk-114-1.pdf Graphic file (type pdf)
<use figs/unnamed-chunk-114-1.pdf>
Package pdftex.def Info: figs/unnamed-chunk-114-1.pdf  used on input line 3863.

(pdftex.def)             Requested size: 426.79135pt x 106.69766pt.
<figs/unnamed-chunk-115-1.pdf, id=1189, 578.16pt x 144.54pt>
File: figs/unnamed-chunk-115-1.pdf Graphic file (type pdf)
<use figs/unnamed-chunk-115-1.pdf>
Package pdftex.def Info: figs/unnamed-chunk-115-1.pdf  used on input line 3884.

(pdftex.def)             Requested size: 426.79135pt x 106.69766pt.
 [51 <./figs/unnamed-chunk-114-1.pdf>]
<figs/unnamed-chunk-116-1.pdf, id=1209, 578.16pt x 144.54pt>
File: figs/unnamed-chunk-116-1.pdf Graphic file (type pdf)
<use figs/unnamed-chunk-116-1.pdf>
Package pdftex.def Info: figs/unnamed-chunk-116-1.pdf  used on input line 3980.

(pdftex.def)             Requested size: 341.43437pt x 85.35724pt.
 [52 <./figs/unnamed-chunk-115-1.pdf>]
[53 <./figs/unnamed-chunk-116-1.pdf>] [54]
Kapitel 5.
<figs/kreis.png, id=1285, 649.42625pt x 642.4pt>
File: figs/kreis.png Graphic file (type png)
<use figs/kreis.png>
Package pdftex.def Info: figs/kreis.png  used on input line 4137.
(pdftex.def)             Requested size: 140.84192pt x 139.30917pt.
<figs/unnamed-chunk-120-1.pdf, id=1286, 289.08pt x 144.54pt>
File: figs/unnamed-chunk-120-1.pdf Graphic file (type pdf)
<use figs/unnamed-chunk-120-1.pdf>
Package pdftex.def Info: figs/unnamed-chunk-120-1.pdf  used on input line 4146.

(pdftex.def)             Requested size: 213.39568pt x 106.69766pt.
<figs/unnamed-chunk-121-1.pdf, id=1288, 216.81pt x 172.645pt>
File: figs/unnamed-chunk-121-1.pdf Graphic file (type pdf)
<use figs/unnamed-chunk-121-1.pdf>
Package pdftex.def Info: figs/unnamed-chunk-121-1.pdf  used on input line 4180.

(pdftex.def)             Requested size: 140.84192pt x 112.15732pt.
[55

] [56 <./figs/kreis.png> <./figs/unnamed-chunk-120-1.pdf> <./figs/unnamed-chunk
-121-1.pdf

pdfTeX warning: /usr/bin/pdflatex (file ./figs/unnamed-chunk-121-1.pdf): PDF in
clusion: multiple pdfs with page group included in a single page
>]
<figs/unnamed-chunk-125-1.pdf, id=1319, 361.35pt x 144.54pt>
File: figs/unnamed-chunk-125-1.pdf Graphic file (type pdf)
<use figs/unnamed-chunk-125-1.pdf>
Package pdftex.def Info: figs/unnamed-chunk-125-1.pdf  used on input line 4254.

(pdftex.def)             Requested size: 298.75264pt x 119.50279pt.
 [57 <./figs/unnamed-chunk-125-1.pdf>] [58]
Overfull \hbox (6.95409pt too wide) in paragraph at lines 4419--4427
\T1/pplx/m/n/10 rigs-te \T1/pplx/m/it/10 straight \T1/pplx/m/n/10 ist Ass-2-3-4
-5; der höchs-te 10-Bube-Dame-König-Ass. Bube-Dame-König-
 []

[59] [60]
Kapitel 6.
[61

] [62] [63] [64]
<figs/unnamed-chunk-136-1.pdf, id=1420, 578.16pt x 144.54pt>
File: figs/unnamed-chunk-136-1.pdf Graphic file (type pdf)
<use figs/unnamed-chunk-136-1.pdf>
Package pdftex.def Info: figs/unnamed-chunk-136-1.pdf  used on input line 4830.

(pdftex.def)             Requested size: 341.43437pt x 85.35724pt.
 [65 <./figs/unnamed-chunk-136-1.pdf>] [66] [67]
Overfull \hbox (0.96048pt too wide) in paragraph at lines 5113--5118
[]\T1/pplx/m/n/10 Fazit: Statt Zu-falls-s-tich-pro-ben wer-den in den So-zi-al-
wis-sen-schaf-ten meis-tens nicht-zu-fäll-ige Stich-
 []


Overfull \hbox (0.50258pt too wide) in paragraph at lines 5120--5124
[]\T1/pplx/m/n/10 Eine Mei-nungs-um-fra-ge auf Twit-ter er-reicht ten-den-zi-el
l Men-schen ähn-li-cher Mei-nung. Aber
 []

[68] [69]
Kapitel 7.
<figs/unnamed-chunk-140-1.pdf, id=1500, 289.08pt x 144.54pt>
File: figs/unnamed-chunk-140-1.pdf Graphic file (type pdf)
<use figs/unnamed-chunk-140-1.pdf>
Package pdftex.def Info: figs/unnamed-chunk-140-1.pdf  used on input line 5197.

(pdftex.def)             Requested size: 170.71393pt x 85.35724pt.
[70

]
<figs/unnamed-chunk-141-1.pdf, id=1518, 650.43pt x 397.485pt>
File: figs/unnamed-chunk-141-1.pdf Graphic file (type pdf)
<use figs/unnamed-chunk-141-1.pdf>
Package pdftex.def Info: figs/unnamed-chunk-141-1.pdf  used on input line 5241.

(pdftex.def)             Requested size: 426.79135pt x 260.82462pt.
 [71 <./figs/unnamed-chunk-140-1.pdf> <./figs/unnamed-chunk-141-1.pdf

pdfTeX warning: /usr/bin/pdflatex (file ./figs/unnamed-chunk-141-1.pdf): PDF in
clusion: multiple pdfs with page group included in a single page
>]
<figs/unnamed-chunk-142-1.pdf, id=1551, 650.43pt x 469.755pt>
File: figs/unnamed-chunk-142-1.pdf Graphic file (type pdf)
<use figs/unnamed-chunk-142-1.pdf>
Package pdftex.def Info: figs/unnamed-chunk-142-1.pdf  used on input line 5292.

(pdftex.def)             Requested size: 426.79135pt x 308.2473pt.
<figs/unnamed-chunk-143-1.pdf, id=1556, 650.43pt x 469.755pt>
File: figs/unnamed-chunk-143-1.pdf Graphic file (type pdf)
<use figs/unnamed-chunk-143-1.pdf>
Package pdftex.def Info: figs/unnamed-chunk-143-1.pdf  used on input line 5322.

(pdftex.def)             Requested size: 426.79135pt x 308.2473pt.
 [72 <./figs/unnamed-chunk-142-1.pdf>] [73 <./figs/unnamed-chunk-143-1.pdf>]
<figs/unnamed-chunk-144-1.pdf, id=1600, 259.97125pt x 693.59125pt>
File: figs/unnamed-chunk-144-1.pdf Graphic file (type pdf)
<use figs/unnamed-chunk-144-1.pdf>
Package pdftex.def Info: figs/unnamed-chunk-144-1.pdf  used on input line 5382.

(pdftex.def)             Requested size: 213.39568pt x 569.3306pt.

[74] [75 <./figs/unnamed-chunk-144-1.pdf>] [76] [77]
LaTeX Font Info:    Font shape `U/msa/m/n' will be
(Font)              scaled to size 15.0049pt on input line 5717.
LaTeX Font Info:    Font shape `U/msb/m/n' will be
(Font)              scaled to size 15.0049pt on input line 5717.


Package hyperref Warning: Token not allowed in a PDF string (Unicode):
(hyperref)                removing `math shift' on input line 5717.


Package hyperref Warning: Token not allowed in a PDF string (Unicode):
(hyperref)                removing `math shift' on input line 5717.

[78]
<figs/unnamed-chunk-154-1.pdf, id=1655, 303.1325pt x 172.645pt>
File: figs/unnamed-chunk-154-1.pdf Graphic file (type pdf)
<use figs/unnamed-chunk-154-1.pdf>
Package pdftex.def Info: figs/unnamed-chunk-154-1.pdf  used on input line 5747.

(pdftex.def)             Requested size: 213.39568pt x 121.53822pt.
 [79 <./figs/unnamed-chunk-154-1.pdf>] [80] [81]
Kapitel 8.
[82

]
<figs/unnamed-chunk-159-1.pdf, id=1719, 578.16pt x 165.61874pt>
File: figs/unnamed-chunk-159-1.pdf Graphic file (type pdf)
<use figs/unnamed-chunk-159-1.pdf>
Package pdftex.def Info: figs/unnamed-chunk-159-1.pdf  used on input line 6080.

(pdftex.def)             Requested size: 384.1096pt x 110.03146pt.
 [83 <./figs/unnamed-chunk-159-1.pdf>] [84] [85] [86]
Overfull \hbox (5.41907pt too wide) in paragraph at lines 6457--6471
\T1/pplx/m/n/10 lung ha-ben, und wir die re-le-van-ten Pa-ra-me-ter die-ser Ver
-tei-lung an-hand der Stich-pro-be schätzen---
 []

[87] [88]
Kapitel 9.
<figs/unnamed-chunk-177-1.pdf, id=1781, 289.08pt x 172.645pt>
File: figs/unnamed-chunk-177-1.pdf Graphic file (type pdf)
<use figs/unnamed-chunk-177-1.pdf>
Package pdftex.def Info: figs/unnamed-chunk-177-1.pdf  used on input line 6638.

(pdftex.def)             Requested size: 298.75264pt x 178.42958pt.
<figs/unnamed-chunk-178-1.pdf, id=1789, 433.62pt x 100.375pt>
File: figs/unnamed-chunk-178-1.pdf Graphic file (type pdf)
<use figs/unnamed-chunk-178-1.pdf>
Package pdftex.def Info: figs/unnamed-chunk-178-1.pdf  used on input line 6662.

(pdftex.def)             Requested size: 426.79135pt x 98.79872pt.
[89

] [90 <./figs/unnamed-chunk-177-1.pdf> <./figs/unnamed-chunk-178-1.pdf

pdfTeX warning: /usr/bin/pdflatex (file ./figs/unnamed-chunk-178-1.pdf): PDF in
clusion: multiple pdfs with page group included in a single page
>] [91] [92]
<figs/unnamed-chunk-182-1.pdf, id=1865, 252.945pt x 252.945pt>
File: figs/unnamed-chunk-182-1.pdf Graphic file (type pdf)
<use figs/unnamed-chunk-182-1.pdf>
Package pdftex.def Info: figs/unnamed-chunk-182-1.pdf  used on input line 6893.

(pdftex.def)             Requested size: 213.39568pt x 213.39865pt.
 [93 <./figs/unnamed-chunk-182-1.pdf>]
<figs/unnamed-chunk-183-1.pdf, id=1888, 361.35pt x 108.405pt>
File: figs/unnamed-chunk-183-1.pdf Graphic file (type pdf)
<use figs/unnamed-chunk-183-1.pdf>
Package pdftex.def Info: figs/unnamed-chunk-183-1.pdf  used on input line 6923.

(pdftex.def)             Requested size: 384.1096pt x 115.23294pt.
<figs/unnamed-chunk-184-1.pdf, id=1892, 578.16pt x 578.16pt>
File: figs/unnamed-chunk-184-1.pdf Graphic file (type pdf)
<use figs/unnamed-chunk-184-1.pdf>
Package pdftex.def Info: figs/unnamed-chunk-184-1.pdf  used on input line 6949.

(pdftex.def)             Requested size: 426.79135pt x 426.79071pt.
 [94 <./figs/unnamed-chunk-183-1.pdf>] [95 <./figs/unnamed-chunk-184-1.pdf>] [9
6] [97]
Underfull \hbox (badness 2495) in paragraph at lines 7206--7214
\T1/pplx/b/n/10 Einschub: 80, 90, 95? \T1/pplx/m/n/10 Mitt-ler-wei-le fra-gen S
ie sich viel-leicht, wie-so wir mal ein
 []

[98] [99]
<figs/unnamed-chunk-195-1.pdf, id=1980, 289.08pt x 172.645pt>
File: figs/unnamed-chunk-195-1.pdf Graphic file (type pdf)
<use figs/unnamed-chunk-195-1.pdf>
Package pdftex.def Info: figs/unnamed-chunk-195-1.pdf  used on input line 7401.

(pdftex.def)             Requested size: 256.07741pt x 152.94228pt.
 [100]
<figs/unnamed-chunk-196-1.pdf, id=1998, 289.08pt x 180.675pt>
File: figs/unnamed-chunk-196-1.pdf Graphic file (type pdf)
<use figs/unnamed-chunk-196-1.pdf>
Package pdftex.def Info: figs/unnamed-chunk-196-1.pdf  used on input line 7432.

(pdftex.def)             Requested size: 256.07741pt x 160.05588pt.
 [101 <./figs/unnamed-chunk-195-1.pdf> <./figs/unnamed-chunk-196-1.pdf

pdfTeX warning: /usr/bin/pdflatex (file ./figs/unnamed-chunk-196-1.pdf): PDF in
clusion: multiple pdfs with page group included in a single page
>]
<figs/unnamed-chunk-199-1.pdf, id=2031, 274.02374pt x 274.02374pt>
File: figs/unnamed-chunk-199-1.pdf Graphic file (type pdf)
<use figs/unnamed-chunk-199-1.pdf>
Package pdftex.def Info: figs/unnamed-chunk-199-1.pdf  used on input line 7519.

(pdftex.def)             Requested size: 298.75264pt x 298.77612pt.
 [102]
<figs/unnamed-chunk-202-1.pdf, id=2042, 289.08pt x 165.61874pt>
File: figs/unnamed-chunk-202-1.pdf Graphic file (type pdf)
<use figs/unnamed-chunk-202-1.pdf>
Package pdftex.def Info: figs/unnamed-chunk-202-1.pdf  used on input line 7607.

(pdftex.def)             Requested size: 256.07741pt x 146.71788pt.
 [103 <./figs/unnamed-chunk-199-1.pdf>] [104 <./figs/unnamed-chunk-202-1.pdf>]
<figs/unnamed-chunk-205-1.pdf, id=2083, 433.62pt x 144.54pt>
File: figs/unnamed-chunk-205-1.pdf Graphic file (type pdf)
<use figs/unnamed-chunk-205-1.pdf>
Package pdftex.def Info: figs/unnamed-chunk-205-1.pdf  used on input line 7744.

(pdftex.def)             Requested size: 298.75264pt x 99.58932pt.
 [105] [106 <./figs/unnamed-chunk-205-1.pdf>]
<figs/unnamed-chunk-211-1.pdf, id=2104, 433.62pt x 93.34875pt>
File: figs/unnamed-chunk-211-1.pdf Graphic file (type pdf)
<use figs/unnamed-chunk-211-1.pdf>
Package pdftex.def Info: figs/unnamed-chunk-211-1.pdf  used on input line 7862.

(pdftex.def)             Requested size: 426.79135pt x 91.88281pt.
<figs/unnamed-chunk-212-1.pdf, id=2106, 389.455pt x 259.97125pt>
File: figs/unnamed-chunk-212-1.pdf Graphic file (type pdf)
<use figs/unnamed-chunk-212-1.pdf>
Package pdftex.def Info: figs/unnamed-chunk-212-1.pdf  used on input line 7896.

(pdftex.def)             Requested size: 298.75264pt x 199.43271pt.
 [107 <./figs/unnamed-chunk-211-1.pdf> <./figs/unnamed-chunk-212-1.pdf

pdfTeX warning: /usr/bin/pdflatex (file ./figs/unnamed-chunk-212-1.pdf): PDF in
clusion: multiple pdfs with page group included in a single page
>] [108]
<figs/unnamed-chunk-221-1.pdf, id=2133, 389.455pt x 259.97125pt>
File: figs/unnamed-chunk-221-1.pdf Graphic file (type pdf)
<use figs/unnamed-chunk-221-1.pdf>
Package pdftex.def Info: figs/unnamed-chunk-221-1.pdf  used on input line 8073.

(pdftex.def)             Requested size: 298.75264pt x 199.43271pt.
 [109] [110 <./figs/unnamed-chunk-221-1.pdf>]
<figs/unnamed-chunk-222-1.pdf, id=2164, 289.08pt x 100.375pt>
File: figs/unnamed-chunk-222-1.pdf Graphic file (type pdf)
<use figs/unnamed-chunk-222-1.pdf>
Package pdftex.def Info: figs/unnamed-chunk-222-1.pdf  used on input line 8174.

(pdftex.def)             Requested size: 298.75264pt x 103.73811pt.
 [111 <./figs/unnamed-chunk-222-1.pdf>]
<figs/unnamed-chunk-226-1.pdf, id=2186, 325.215pt x 201.75375pt>
File: figs/unnamed-chunk-226-1.pdf Graphic file (type pdf)
<use figs/unnamed-chunk-226-1.pdf>
Package pdftex.def Info: figs/unnamed-chunk-226-1.pdf  used on input line 8281.

(pdftex.def)             Requested size: 298.75264pt x 185.35094pt.
 [112 <./figs/unnamed-chunk-226-1.pdf>]
<figs/unnamed-chunk-227-1.pdf, id=2203, 289.08pt x 216.81pt>
File: figs/unnamed-chunk-227-1.pdf Graphic file (type pdf)
<use figs/unnamed-chunk-227-1.pdf>
Package pdftex.def Info: figs/unnamed-chunk-227-1.pdf  used on input line 8314.

(pdftex.def)             Requested size: 341.43437pt x 256.0883pt.
 [113 <./figs/unnamed-chunk-227-1.pdf>]
<figs/unnamed-chunk-234-1.pdf, id=2218, 433.62pt x 180.675pt>
File: figs/unnamed-chunk-234-1.pdf Graphic file (type pdf)
<use figs/unnamed-chunk-234-1.pdf>
Package pdftex.def Info: figs/unnamed-chunk-234-1.pdf  used on input line 8462.

(pdftex.def)             Requested size: 367.18973pt x 153.00378pt.
 [114]
Overfull \hbox (3.56837pt too wide) in paragraph at lines 8525--8530
[]\T1/pplx/m/n/10 Gibt es noch einen er-kenn-ba-ren Zu-sam-men-hang zwi-schen d
en Re-si-du-en und den $[]$-Werten?
 []

[115 <./figs/unnamed-chunk-234-1.pdf>]
<figs/unnamed-chunk-237-1.pdf, id=2243, 289.08pt x 289.08pt>
File: figs/unnamed-chunk-237-1.pdf Graphic file (type pdf)
<use figs/unnamed-chunk-237-1.pdf>
Package pdftex.def Info: figs/unnamed-chunk-237-1.pdf  used on input line 8564.

(pdftex.def)             Requested size: 281.68385pt x 281.69968pt.
 [116 <./figs/unnamed-chunk-237-1.pdf>]
Overfull \hbox (13.65273pt too wide) in paragraph at lines 8634--8641
\T1/pplx/m/n/10 Wör-ter bzw. \T1/cmtt/m/n/10 CorrectSpoken \T1/pplx/m/n/10 für 
ge-spro-che-ne Wör-ter. Die Da-tei \T1/cmtt/m/n/10 vanhove2014_background.csv
 []

[117]
Kapitel 10.
<figs/unnamed-chunk-242-1.pdf, id=2299, 230.8625pt x 180.675pt>
File: figs/unnamed-chunk-242-1.pdf Graphic file (type pdf)
<use figs/unnamed-chunk-242-1.pdf>
Package pdftex.def Info: figs/unnamed-chunk-242-1.pdf  used on input line 8732.

(pdftex.def)             Requested size: 213.39568pt x 167.00595pt.
[118

]
<figs/unnamed-chunk-243-1.pdf, id=2312, 289.08pt x 303.1325pt>
File: figs/unnamed-chunk-243-1.pdf Graphic file (type pdf)
<use figs/unnamed-chunk-243-1.pdf>
Package pdftex.def Info: figs/unnamed-chunk-243-1.pdf  used on input line 8762.

(pdftex.def)             Requested size: 170.71393pt x 179.01314pt.
 [119 <./figs/unnamed-chunk-242-1.pdf> <./figs/unnamed-chunk-243-1.pdf

pdfTeX warning: /usr/bin/pdflatex (file ./figs/unnamed-chunk-243-1.pdf): PDF in
clusion: multiple pdfs with page group included in a single page
>]
<figs/unnamed-chunk-244-1.pdf, id=2352, 317.185pt x 303.1325pt>
File: figs/unnamed-chunk-244-1.pdf Graphic file (type pdf)
<use figs/unnamed-chunk-244-1.pdf>
Package pdftex.def Info: figs/unnamed-chunk-244-1.pdf  used on input line 8815.

(pdftex.def)             Requested size: 213.39568pt x 203.94879pt.
 [120 <./figs/unnamed-chunk-244-1.pdf>] [121] [122]
<figs/unnamed-chunk-252-1.pdf, id=2392, 519.9425pt x 172.645pt>
File: figs/unnamed-chunk-252-1.pdf Graphic file (type pdf)
<use figs/unnamed-chunk-252-1.pdf>
Package pdftex.def Info: figs/unnamed-chunk-252-1.pdf  used on input line 9033.

(pdftex.def)             Requested size: 384.1096pt x 127.5419pt.
 [123 <./figs/unnamed-chunk-252-1.pdf>] [124] [125]
<figs/unnamed-chunk-261-1.pdf, id=2435, 289.08pt x 289.08pt>
File: figs/unnamed-chunk-261-1.pdf Graphic file (type pdf)
<use figs/unnamed-chunk-261-1.pdf>
Package pdftex.def Info: figs/unnamed-chunk-261-1.pdf  used on input line 9280.

(pdftex.def)             Requested size: 170.71393pt x 170.71451pt.
 [126 <./figs/unnamed-chunk-261-1.pdf>]
<figs/unnamed-chunk-263-1.pdf, id=2460, 476.78125pt x 182.6825pt>
File: figs/unnamed-chunk-263-1.pdf Graphic file (type pdf)
<use figs/unnamed-chunk-263-1.pdf>
Package pdftex.def Info: figs/unnamed-chunk-263-1.pdf  used on input line 9368.

(pdftex.def)             Requested size: 298.75264pt x 114.47453pt.
 [127 <./figs/unnamed-chunk-263-1.pdf>] [128] [129] [130]
Overfull \hbox (12.84032pt too wide) in paragraph at lines 9660--9672
[]\T1/pplx/m/n/10 Vergleichen Sie die Leis-tung von Kin-dern in Por-tu-gal (Va-
ria-ble \T1/cmtt/m/n/10 LanguageGroup: Control
 []


Overfull \hbox (6.5599pt too wide) in paragraph at lines 9660--9672
\T1/cmtt/m/n/10 group Portuguese\T1/pplx/m/n/10 ) mit je-ner von Kin-dern in de
r Ro-man-die (\T1/cmtt/m/n/10 Bilingual group French\T1/pplx/m/n/10 )
 []

[131]
Kapitel 11.
<figs/unnamed-chunk-270-1.pdf, id=2548, 310.15875pt x 296.10625pt>
File: figs/unnamed-chunk-270-1.pdf Graphic file (type pdf)
<use figs/unnamed-chunk-270-1.pdf>
Package pdftex.def Info: figs/unnamed-chunk-270-1.pdf  used on input line 9714.

(pdftex.def)             Requested size: 341.43437pt x 325.96637pt.
[132

] [133 <./figs/unnamed-chunk-270-1.pdf>]
<figs/unnamed-chunk-272-1.pdf, id=2582, 252.945pt x 221.82875pt>
File: figs/unnamed-chunk-272-1.pdf Graphic file (type pdf)
<use figs/unnamed-chunk-272-1.pdf>
Package pdftex.def Info: figs/unnamed-chunk-272-1.pdf  used on input line 9788.

(pdftex.def)             Requested size: 213.39568pt x 187.14722pt.
 [134 <./figs/unnamed-chunk-272-1.pdf>]
<figs/unnamed-chunk-274-1.pdf, id=2600, 259.97125pt x 155.58125pt>
File: figs/unnamed-chunk-274-1.pdf Graphic file (type pdf)
<use figs/unnamed-chunk-274-1.pdf>
Package pdftex.def Info: figs/unnamed-chunk-274-1.pdf  used on input line 9857.

(pdftex.def)             Requested size: 213.39568pt x 127.70801pt.
 [135 <./figs/unnamed-chunk-274-1.pdf>]
<figs/unnamed-chunk-275-1.pdf, id=2618, 252.945pt x 221.82875pt>
File: figs/unnamed-chunk-275-1.pdf Graphic file (type pdf)
<use figs/unnamed-chunk-275-1.pdf>
Package pdftex.def Info: figs/unnamed-chunk-275-1.pdf  used on input line 9890.

(pdftex.def)             Requested size: 213.39568pt x 187.14722pt.
 [136 <./figs/unnamed-chunk-275-1.pdf>] [137] [138] [139] [140]
<figs/unnamed-chunk-286-1.pdf, id=2668, 303.1325pt x 205.76875pt>
File: figs/unnamed-chunk-286-1.pdf Graphic file (type pdf)
<use figs/unnamed-chunk-286-1.pdf>
Package pdftex.def Info: figs/unnamed-chunk-286-1.pdf  used on input line 10278
.
(pdftex.def)             Requested size: 213.39568pt x 144.85661pt.
<figs/unnamed-chunk-288-1.pdf, id=2676, 289.08pt x 289.08pt>
File: figs/unnamed-chunk-288-1.pdf Graphic file (type pdf)
<use figs/unnamed-chunk-288-1.pdf>
Package pdftex.def Info: figs/unnamed-chunk-288-1.pdf  used on input line 10343
.
(pdftex.def)             Requested size: 298.75264pt x 298.76584pt.
 [141 <./figs/unnamed-chunk-286-1.pdf>] [142 <./figs/unnamed-chunk-288-1.pdf>]
Overfull \hbox (1.72836pt too wide) in paragraph at lines 10430--10434
[]\T1/pplx/m/n/10 Die Ver-tei-lun-gen der Boot-strapschät-zun-gen kön-nen gra-f
isch dar-ge-stellt wer-den (Ab-bil-dung []11.7[]);
 []

<figs/unnamed-chunk-291-1.pdf, id=2713, 578.16pt x 289.08pt>
File: figs/unnamed-chunk-291-1.pdf Graphic file (type pdf)
<use figs/unnamed-chunk-291-1.pdf>
Package pdftex.def Info: figs/unnamed-chunk-291-1.pdf  used on input line 10456
.
(pdftex.def)             Requested size: 341.43437pt x 170.71451pt.
[143] [144 <./figs/unnamed-chunk-291-1.pdf>]
<figs/unnamed-chunk-294-1.pdf, id=2739, 346.29375pt x 155.58125pt>
File: figs/unnamed-chunk-294-1.pdf Graphic file (type pdf)
<use figs/unnamed-chunk-294-1.pdf>
Package pdftex.def Info: figs/unnamed-chunk-294-1.pdf  used on input line 10560
.
(pdftex.def)             Requested size: 298.75264pt x 134.22456pt.
<figs/unnamed-chunk-295-1.pdf, id=2741, 346.29375pt x 155.58125pt>
File: figs/unnamed-chunk-295-1.pdf Graphic file (type pdf)
<use figs/unnamed-chunk-295-1.pdf>
Package pdftex.def Info: figs/unnamed-chunk-295-1.pdf  used on input line 10591
.
(pdftex.def)             Requested size: 298.75264pt x 134.22456pt.
 [145 <./figs/unnamed-chunk-294-1.pdf>] [146 <./figs/unnamed-chunk-295-1.pdf>]
Overfull \vbox (1.21132pt too high) detected at line 10751
 []

[147]
<figs/unnamed-chunk-299-1.pdf, id=2783, 361.35pt x 144.54pt>
File: figs/unnamed-chunk-299-1.pdf Graphic file (type pdf)
<use figs/unnamed-chunk-299-1.pdf>
Package pdftex.def Info: figs/unnamed-chunk-299-1.pdf  used on input line 10753
.
(pdftex.def)             Requested size: 298.75264pt x 119.50279pt.

Underfull \hbox (badness 2080) in paragraph at lines 10757--10757
[]\T1/pplx/b/n/9 Abbildung 11.10: |\T1/pplx/m/n/9 Vi-sua-li-sie-rung des \T1/cm
tt/m/n/9 kognat.lm\T1/pplx/m/n/9 -Modells mit 80%- und 95%-
 []

[148 <./figs/unnamed-chunk-299-1.pdf>]
<figs/unnamed-chunk-300-1.pdf, id=2814, 375.4025pt x 187.70125pt>
File: figs/unnamed-chunk-300-1.pdf Graphic file (type pdf)
<use figs/unnamed-chunk-300-1.pdf>
Package pdftex.def Info: figs/unnamed-chunk-300-1.pdf  used on input line 10798
.
(pdftex.def)             Requested size: 298.75264pt x 149.38503pt.
 [149 <./figs/unnamed-chunk-300-1.pdf>]
Kapitel 12.
[150

]
<figs/unnamed-chunk-301-1.pdf, id=2848, 72.27pt x 72.27pt>
File: figs/unnamed-chunk-301-1.pdf Graphic file (type pdf)
<use figs/unnamed-chunk-301-1.pdf>
Package pdftex.def Info: figs/unnamed-chunk-301-1.pdf  used on input line 10914
.
(pdftex.def)             Requested size: 85.35696pt x 85.36165pt.
 [151 <./figs/unnamed-chunk-301-1.pdf>]
<figs/unnamed-chunk-304-1.pdf, id=2867, 361.35pt x 361.35pt>
File: figs/unnamed-chunk-304-1.pdf Graphic file (type pdf)
<use figs/unnamed-chunk-304-1.pdf>
Package pdftex.def Info: figs/unnamed-chunk-304-1.pdf  used on input line 11002
.
(pdftex.def)             Requested size: 298.75264pt x 298.75702pt.
 [152 <./figs/unnamed-chunk-304-1.pdf>]
Overfull \vbox (1.43372pt too high) detected at line 11131
 []

[153]
<figs/unnamed-chunk-308-1.pdf, id=2893, 312.16624pt x 149.55875pt>
File: figs/unnamed-chunk-308-1.pdf Graphic file (type pdf)
<use figs/unnamed-chunk-308-1.pdf>
Package pdftex.def Info: figs/unnamed-chunk-308-1.pdf  used on input line 11155
.
(pdftex.def)             Requested size: 213.39568pt x 102.23944pt.
 [154 <./figs/unnamed-chunk-308-1.pdf>]
<figs/unnamed-chunk-311-1.pdf, id=2923, 72.27pt x 72.27pt>
File: figs/unnamed-chunk-311-1.pdf Graphic file (type pdf)
<use figs/unnamed-chunk-311-1.pdf>
Package pdftex.def Info: figs/unnamed-chunk-311-1.pdf  used on input line 11256
.
(pdftex.def)             Requested size: 85.35696pt x 85.36165pt.
 [155 <./figs/unnamed-chunk-311-1.pdf>]
<figs/unnamed-chunk-313-1.pdf, id=2940, 72.27pt x 72.27pt>
File: figs/unnamed-chunk-313-1.pdf Graphic file (type pdf)
<use figs/unnamed-chunk-313-1.pdf>
Package pdftex.def Info: figs/unnamed-chunk-313-1.pdf  used on input line 11322
.
(pdftex.def)             Requested size: 85.35696pt x 85.36165pt.
 [156 <./figs/unnamed-chunk-313-1.pdf>]
<figs/unnamed-chunk-316-1.pdf, id=2962, 72.27pt x 72.27pt>
File: figs/unnamed-chunk-316-1.pdf Graphic file (type pdf)
<use figs/unnamed-chunk-316-1.pdf>
Package pdftex.def Info: figs/unnamed-chunk-316-1.pdf  used on input line 11417
.
(pdftex.def)             Requested size: 85.35696pt x 85.36165pt.
 [157 <./figs/unnamed-chunk-316-1.pdf>]
<figs/unnamed-chunk-321-1.pdf, id=2984, 312.16624pt x 149.55875pt>
File: figs/unnamed-chunk-321-1.pdf Graphic file (type pdf)
<use figs/unnamed-chunk-321-1.pdf>
Package pdftex.def Info: figs/unnamed-chunk-321-1.pdf  used on input line 11523
.
(pdftex.def)             Requested size: 213.39568pt x 102.23944pt.
 [158] [159 <./figs/unnamed-chunk-321-1.pdf>]
<figs/unnamed-chunk-325-1.pdf, id=3016, 375.4025pt x 215.80624pt>
File: figs/unnamed-chunk-325-1.pdf Graphic file (type pdf)
<use figs/unnamed-chunk-325-1.pdf>
Package pdftex.def Info: figs/unnamed-chunk-325-1.pdf  used on input line 11670
.
(pdftex.def)             Requested size: 298.75264pt x 171.75284pt.
 [160 <./figs/unnamed-chunk-325-1.pdf>]
Overfull \vbox (0.7102pt too high) detected at line 11774
 []

[161]
<figs/unnamed-chunk-328-1.pdf, id=3052, 375.4025pt x 215.80624pt>
File: figs/unnamed-chunk-328-1.pdf Graphic file (type pdf)
<use figs/unnamed-chunk-328-1.pdf>
Package pdftex.def Info: figs/unnamed-chunk-328-1.pdf  used on input line 11776
.
(pdftex.def)             Requested size: 298.75264pt x 171.75284pt.
 [162 <./figs/unnamed-chunk-328-1.pdf>]
<figs/unnamed-chunk-332-1.pdf, id=3079, 433.62pt x 433.62pt>
File: figs/unnamed-chunk-332-1.pdf Graphic file (type pdf)
<use figs/unnamed-chunk-332-1.pdf>
Package pdftex.def Info: figs/unnamed-chunk-332-1.pdf  used on input line 11900
.
(pdftex.def)             Requested size: 213.39568pt x 213.39536pt.
 [163] [164 <./figs/unnamed-chunk-332-1.pdf>] [165]
LaTeX Font Info:    Font shape `T1/cmtt/bx/n' in size <12> not available
(Font)              Font shape `T1/cmtt/m/n' tried instead on input line 12098.

 [166] [167] [168]
Kapitel 13.
<figs/unnamed-chunk-345-1.pdf, id=3190, 259.97125pt x 259.97125pt>
File: figs/unnamed-chunk-345-1.pdf Graphic file (type pdf)
<use figs/unnamed-chunk-345-1.pdf>
Package pdftex.def Info: figs/unnamed-chunk-345-1.pdf  used on input line 12359
.
(pdftex.def)             Requested size: 213.39568pt x 213.39598pt.
[169

] [170 <./figs/unnamed-chunk-345-1.pdf>]

Package amsmath Warning: Foreign command \atopwithdelims;
(amsmath)                \frac or \genfrac should be used instead
(amsmath)                 on input line 12463.

<figs/unnamed-chunk-347-1.pdf, id=3218, 722.7pt x 939.51pt>
File: figs/unnamed-chunk-347-1.pdf Graphic file (type pdf)
<use figs/unnamed-chunk-347-1.pdf>
Package pdftex.def Info: figs/unnamed-chunk-347-1.pdf  used on input line 12484
.
(pdftex.def)             Requested size: 341.43437pt x 443.86348pt.
<figs/unnamed-chunk-348-1.pdf, id=3220, 289.08pt x 289.08pt>
File: figs/unnamed-chunk-348-1.pdf Graphic file (type pdf)
<use figs/unnamed-chunk-348-1.pdf>
Package pdftex.def Info: figs/unnamed-chunk-348-1.pdf  used on input line 12520
.
(pdftex.def)             Requested size: 213.39568pt x 213.39534pt.
[171] [172 <./figs/unnamed-chunk-347-1.pdf>] [173 <./figs/unnamed-chunk-348-1.p
df>]
Overfull \hbox (3.64914pt too wide) in paragraph at lines 12618--12622
[]\T1/pplx/m/n/10 Die aus-wer-ten-den Mit-ar-bei-ten-den ha-ben doch ir-gend-wi
e mit-be-kom-men, wer wel-cher Grup-
 []


Package hyperref Warning: Token not allowed in a PDF string (Unicode):
(hyperref)                removing `math shift' on input line 12663.


Package hyperref Warning: Token not allowed in a PDF string (Unicode):
(hyperref)                removing `math shift' on input line 12663.

[174] [175] [176] [177] [178]
<figs/unnamed-chunk-353-1.pdf, id=3319, 722.7pt x 201.75375pt>
File: figs/unnamed-chunk-353-1.pdf Graphic file (type pdf)
<use figs/unnamed-chunk-353-1.pdf>
Package pdftex.def Info: figs/unnamed-chunk-353-1.pdf  used on input line 13052
.
(pdftex.def)             Requested size: 426.79135pt x 119.14758pt.
 [179 <./figs/unnamed-chunk-353-1.pdf>]
<figs/unnamed-chunk-356-1.pdf, id=3334, 397.485pt x 180.675pt>
File: figs/unnamed-chunk-356-1.pdf Graphic file (type pdf)
<use figs/unnamed-chunk-356-1.pdf>
Package pdftex.def Info: figs/unnamed-chunk-356-1.pdf  used on input line 13112
.
(pdftex.def)             Requested size: 213.39568pt x 97.00063pt.
 [180 <./figs/unnamed-chunk-356-1.pdf>]

Package hyperref Warning: Token not allowed in a PDF string (Unicode):
(hyperref)                removing `math shift' on input line 13193.


Package hyperref Warning: Token not allowed in a PDF string (Unicode):
(hyperref)                removing `math shift' on input line 13193.

[181] [182]
<figs/unnamed-chunk-365-1.pdf, id=3369, 216.81pt x 144.54pt>
File: figs/unnamed-chunk-365-1.pdf Graphic file (type pdf)
<use figs/unnamed-chunk-365-1.pdf>
Package pdftex.def Info: figs/unnamed-chunk-365-1.pdf  used on input line 13382
.
(pdftex.def)             Requested size: 213.39568pt x 142.27016pt.
<figs/unnamed-chunk-366-1.pdf, id=3371, 216.81pt x 144.54pt>
File: figs/unnamed-chunk-366-1.pdf Graphic file (type pdf)
<use figs/unnamed-chunk-366-1.pdf>
Package pdftex.def Info: figs/unnamed-chunk-366-1.pdf  used on input line 13420
.
(pdftex.def)             Requested size: 213.39568pt x 142.27016pt.
 [183 <./figs/unnamed-chunk-365-1.pdf> <./figs/unnamed-chunk-366-1.pdf

pdfTeX warning: /usr/bin/pdflatex (file ./figs/unnamed-chunk-366-1.pdf): PDF in
clusion: multiple pdfs with page group included in a single page
>]
Overfull \hbox (140.07022pt too wide) in paragraph at lines 13475--13475
[]\T1/cmtt/m/n/10 alternative hypothesis: true difference in means between grou
p Gruppe A and group Gruppe B is not equal to 0[] 
 []


Overfull \hbox (140.07022pt too wide) in paragraph at lines 13517--13517
[]\T1/cmtt/m/n/10 alternative hypothesis: true difference in means between grou
p Gruppe A and group Gruppe B is not equal to 0[] 
 []

[184]
Overfull \hbox (140.07022pt too wide) in paragraph at lines 13581--13581
[]\T1/cmtt/m/n/10 alternative hypothesis: true difference in means between grou
p control and group treatment is not equal to 0[] 
 []

[185]
<figs/unnamed-chunk-373-1.pdf, id=3424, 578.16pt x 144.54pt>
File: figs/unnamed-chunk-373-1.pdf Graphic file (type pdf)
<use figs/unnamed-chunk-373-1.pdf>
Package pdftex.def Info: figs/unnamed-chunk-373-1.pdf  used on input line 13683
.
(pdftex.def)             Requested size: 426.79135pt x 106.69766pt.
 [186] [187 <./figs/unnamed-chunk-373-1.pdf>]
Kapitel 14.
<figs/unnamed-chunk-376-1.pdf, id=3448, 346.29375pt x 115.43124pt>
File: figs/unnamed-chunk-376-1.pdf Graphic file (type pdf)
<use figs/unnamed-chunk-376-1.pdf>
Package pdftex.def Info: figs/unnamed-chunk-376-1.pdf  used on input line 13742
.
(pdftex.def)             Requested size: 256.07741pt x 85.3614pt.

Overfull \hbox (66.58817pt too wide) in paragraph at lines 13786--13786
[]\T1/cmtt/m/n/10 alternative hypothesis: true difference in means between grou
p A and group B is not equal to 0[] 
 []


Overfull \hbox (66.58817pt too wide) in paragraph at lines 13805--13805
[]\T1/cmtt/m/n/10 alternative hypothesis: true difference in means between grou
p A and group C is not equal to 0[] 
 []


Overfull \hbox (66.58817pt too wide) in paragraph at lines 13824--13824
[]\T1/cmtt/m/n/10 alternative hypothesis: true difference in means between grou
p B and group C is not equal to 0[] 
 []

[188

] [189 <./figs/unnamed-chunk-376-1.pdf>] [190]
<figs/unnamed-chunk-380-1.pdf, id=3478, 433.62pt x 108.405pt>
File: figs/unnamed-chunk-380-1.pdf Graphic file (type pdf)
<use figs/unnamed-chunk-380-1.pdf>
Package pdftex.def Info: figs/unnamed-chunk-380-1.pdf  used on input line 13935
.
(pdftex.def)             Requested size: 426.79135pt x 106.70262pt.
<figs/unnamed-chunk-381-1.pdf, id=3479, 433.62pt x 216.81pt>
File: figs/unnamed-chunk-381-1.pdf Graphic file (type pdf)
<use figs/unnamed-chunk-381-1.pdf>
Package pdftex.def Info: figs/unnamed-chunk-381-1.pdf  used on input line 13947
.
(pdftex.def)             Requested size: 298.75264pt x 149.38402pt.
 [191 <./figs/unnamed-chunk-380-1.pdf> <./figs/unnamed-chunk-381-1.pdf

pdfTeX warning: /usr/bin/pdflatex (file ./figs/unnamed-chunk-381-1.pdf): PDF in
clusion: multiple pdfs with page group included in a single page
>]
<figs/unnamed-chunk-385-1.pdf, id=3505, 259.97125pt x 172.645pt>
File: figs/unnamed-chunk-385-1.pdf Graphic file (type pdf)
<use figs/unnamed-chunk-385-1.pdf>
Package pdftex.def Info: figs/unnamed-chunk-385-1.pdf  used on input line 14047
.
(pdftex.def)             Requested size: 213.39568pt x 141.71469pt.
 [192]

Package hyperref Warning: Token not allowed in a PDF string (Unicode):
(hyperref)                removing `math shift' on input line 14128.


Package hyperref Warning: Token not allowed in a PDF string (Unicode):
(hyperref)                removing `math shift' on input line 14128.

[193 <./figs/unnamed-chunk-385-1.pdf>]
LaTeX Font Info:    Trying to load font information for U+fplmbb on input line 
14238.

(/usr/share/texlive/texmf-dist/tex/latex/psnfss/ufplmbb.fd
File: ufplmbb.fd 2003/10/30 Fontinst v1.914 font definitions for U/fplmbb.
) [194]
<figs/unnamed-chunk-394-1.pdf, id=3541, 303.1325pt x 201.75375pt>
File: figs/unnamed-chunk-394-1.pdf Graphic file (type pdf)
<use figs/unnamed-chunk-394-1.pdf>
Package pdftex.def Info: figs/unnamed-chunk-394-1.pdf  used on input line 14272
.
(pdftex.def)             Requested size: 213.39568pt x 142.03014pt.
 [195 <./figs/unnamed-chunk-394-1.pdf>] [196] [197]

LaTeX Font Warning: Font shape `T1/pplx/m/scit' undefined
(Font)              using `T1/pplx/m/sc' instead on input line 14588.


Overfull \hbox (1.73853pt too wide) in paragraph at lines 14584--14591
[]\T1/pplx/m/n/10 Eine Va-ri-an-z-ana-ly-se mit zwei Prä-dik-to-ren.
 []


LaTeX Font Warning: Font shape `T1/pplx/b/sc' undefined
(Font)              using `T1/pplx/b/n' instead on input line 14592.

[198] [199]
LaTeX Font Info:    Font shape `T1/cmtt/bx/n' in size <14.4> not available
(Font)              Font shape `T1/cmtt/m/n' tried instead on input line 14781.



Package hyperref Warning: Token not allowed in a PDF string (Unicode):
(hyperref)                removing `math shift' on input line 14781.


Package hyperref Warning: Token not allowed in a PDF string (Unicode):
(hyperref)                removing `math shift' on input line 14781.

[200] [201]
Kapitel 15.
<figs/unnamed-chunk-410-1.pdf, id=3623, 505.89pt x 252.945pt>
File: figs/unnamed-chunk-410-1.pdf Graphic file (type pdf)
<use figs/unnamed-chunk-410-1.pdf>
Package pdftex.def Info: figs/unnamed-chunk-410-1.pdf  used on input line 14893
.
(pdftex.def)             Requested size: 298.75264pt x 149.37906pt.
[202

]
<figs/unnamed-chunk-412-1.pdf, id=3639, 216.81pt x 144.54pt>
File: figs/unnamed-chunk-412-1.pdf Graphic file (type pdf)
<use figs/unnamed-chunk-412-1.pdf>
Package pdftex.def Info: figs/unnamed-chunk-412-1.pdf  used on input line 14973
.
(pdftex.def)             Requested size: 213.39568pt x 142.27016pt.
 [203 <./figs/unnamed-chunk-410-1.pdf>] [204 <./figs/unnamed-chunk-412-1.pdf>] 
[205]
<figs/unnamed-chunk-416-1.pdf, id=3682, 505.89pt x 289.08pt>
File: figs/unnamed-chunk-416-1.pdf Graphic file (type pdf)
<use figs/unnamed-chunk-416-1.pdf>
Package pdftex.def Info: figs/unnamed-chunk-416-1.pdf  used on input line 15157
.
(pdftex.def)             Requested size: 384.1096pt x 219.49576pt.
 [206 <./figs/unnamed-chunk-416-1.pdf>]
Kapitel 16.

Overfull \hbox (20.76202pt too wide) in paragraph at lines 15202--15208
[]\T1/pplx/m/n/10 ``A repeated-measures \T1/pplx/m/sc/10 ano-va \T1/pplx/m/n/10
 yiel-ded a non-si-gni-fi-cant main ef-fect of Con-di-ti-on ($\OML/zplm/m/it/10
 F\OT1/zplm/m/n/10 (\OT1/pplx/m/n/10 1, 48\OT1/zplm/m/n/10 ) \OML/zplm/m/it/10 
<
 []

[207

] [208] [209]
Kapitel 17.

Package natbib Warning: Citation `Stuart2021' on page 210 undefined on input li
ne 15394.


Package hyperref Warning: Token not allowed in a PDF string (Unicode):
(hyperref)                removing `\begingroup' on input line 15396.


Package hyperref Warning: Token not allowed in a PDF string (Unicode):
(hyperref)                removing `\let' on input line 15396.


Package hyperref Warning: Token not allowed in a PDF string (Unicode):
(hyperref)                removing `\<let>-command' on input line 15396.


Package hyperref Warning: Token not allowed in a PDF string (Unicode):
(hyperref)                removing `\NAT@ctype' on input line 15396.


Package hyperref Warning: Token not allowed in a PDF string (Unicode):
(hyperref)                removing `\z@' on input line 15396.


Package hyperref Warning: Token not allowed in a PDF string (Unicode):
(hyperref)                removing `\let' on input line 15396.


Package hyperref Warning: Token not allowed in a PDF string (Unicode):
(hyperref)                removing `\new@ifnextchar' on input line 15396.


Package hyperref Warning: Token not allowed in a PDF string (Unicode):
(hyperref)                removing `\begingroup' on input line 15418.


Package hyperref Warning: Token not allowed in a PDF string (Unicode):
(hyperref)                removing `\let' on input line 15418.


Package hyperref Warning: Token not allowed in a PDF string (Unicode):
(hyperref)                removing `\<let>-command' on input line 15418.


Package hyperref Warning: Token not allowed in a PDF string (Unicode):
(hyperref)                removing `\NAT@ctype' on input line 15418.


Package hyperref Warning: Token not allowed in a PDF string (Unicode):
(hyperref)                removing `\z@' on input line 15418.


Package hyperref Warning: Token not allowed in a PDF string (Unicode):
(hyperref)                removing `\let' on input line 15418.


Package hyperref Warning: Token not allowed in a PDF string (Unicode):
(hyperref)                removing `\new@ifnextchar' on input line 15418.

[210

]
<figs/significant.png, id=3762, 487.8225pt x 1353.25575pt>
File: figs/significant.png Graphic file (type png)
<use figs/significant.png>
Package pdftex.def Info: figs/significant.png  used on input line 15450.
(pdftex.def)             Requested size: 213.39568pt x 591.986pt.


Package hyperref Warning: Token not allowed in a PDF string (Unicode):
(hyperref)                removing `\begingroup' on input line 15461.


Package hyperref Warning: Token not allowed in a PDF string (Unicode):
(hyperref)                removing `\let' on input line 15461.


Package hyperref Warning: Token not allowed in a PDF string (Unicode):
(hyperref)                removing `\<let>-command' on input line 15461.


Package hyperref Warning: Token not allowed in a PDF string (Unicode):
(hyperref)                removing `\NAT@ctype' on input line 15461.


Package hyperref Warning: Token not allowed in a PDF string (Unicode):
(hyperref)                removing `\z@' on input line 15461.


Package hyperref Warning: Token not allowed in a PDF string (Unicode):
(hyperref)                removing `\let' on input line 15461.


Package hyperref Warning: Token not allowed in a PDF string (Unicode):
(hyperref)                removing `\new@ifnextchar' on input line 15461.

[211] [212 <./figs/significant.png>] [213]
Kapitel 18.
[214

] [215] [216] [217]
<figs/unnamed-chunk-424-1.pdf, id=3848, 650.43pt x 379.4175pt>
File: figs/unnamed-chunk-424-1.pdf Graphic file (type pdf)
<use figs/unnamed-chunk-424-1.pdf>
Package pdftex.def Info: figs/unnamed-chunk-424-1.pdf  used on input line 15875
.
(pdftex.def)             Requested size: 384.1096pt x 224.06859pt.
 [218 <./figs/unnamed-chunk-424-1.pdf>]
Overfull \hbox (8.30792pt too wide) in paragraph at lines 15928--15933
\T1/pplx/m/n/10 Diese Funktion---die Pro-por-tio-nen zu log-odds transformiert-
--heisst die logit-Funktion: $[]\OT1/zplm/m/n/10 (\OML/zplm/m/it/10 x\OT1/zplm/
m/n/10 ) =
 []

<figs/unnamed-chunk-426-1.pdf, id=3869, 505.89pt x 361.35pt>
File: figs/unnamed-chunk-426-1.pdf Graphic file (type pdf)
<use figs/unnamed-chunk-426-1.pdf>
Package pdftex.def Info: figs/unnamed-chunk-426-1.pdf  used on input line 15945
.
(pdftex.def)             Requested size: 341.43437pt x 243.88419pt.
[219 <./figs/unnamed-chunk-426-1.pdf>]
Overfull \hbox (5.93916pt too wide) in paragraph at lines 16020--16022
[]\T1/pplx/m/n/10 Eine Chan-ce kann man zwar zu ei-ner Wahr-schein-lich-keit ko
n-ver-tie-ren, ein Chan-cen\T1/pplx/m/it/10 verhältnis
 []

[220] [221] [222]
<figs/unnamed-chunk-444-1.pdf, id=3925, 317.185pt x 158.5925pt>
File: figs/unnamed-chunk-444-1.pdf Graphic file (type pdf)
<use figs/unnamed-chunk-444-1.pdf>
Package pdftex.def Info: figs/unnamed-chunk-444-1.pdf  used on input line 16354
.
(pdftex.def)             Requested size: 256.07741pt x 128.0478pt.
 [223] [224 <./figs/unnamed-chunk-444-1.pdf>] [225] [226]
<figs/unnamed-chunk-456-1.pdf, id=3965, 361.35pt x 325.215pt>
File: figs/unnamed-chunk-456-1.pdf Graphic file (type pdf)
<use figs/unnamed-chunk-456-1.pdf>
Package pdftex.def Info: figs/unnamed-chunk-456-1.pdf  used on input line 16670
.
(pdftex.def)             Requested size: 341.43437pt x 307.29506pt.

[227 <./figs/unnamed-chunk-456-1.pdf>] [228]
<figs/unnamed-chunk-459-1.pdf, id=3994, 289.08pt x 144.54pt>
File: figs/unnamed-chunk-459-1.pdf Graphic file (type pdf)
<use figs/unnamed-chunk-459-1.pdf>
Package pdftex.def Info: figs/unnamed-chunk-459-1.pdf  used on input line 16804
.
(pdftex.def)             Requested size: 213.39568pt x 106.69766pt.
 [229 <./figs/unnamed-chunk-459-1.pdf>]
Overfull \vbox (0.25708pt too high) detected at line 16970
 []

[230]
<figs/unnamed-chunk-468-1.pdf, id=4015, 259.97125pt x 172.645pt>
File: figs/unnamed-chunk-468-1.pdf Graphic file (type pdf)
<use figs/unnamed-chunk-468-1.pdf>
Package pdftex.def Info: figs/unnamed-chunk-468-1.pdf  used on input line 16972
.
(pdftex.def)             Requested size: 213.39568pt x 141.71469pt.
 [231 <./figs/unnamed-chunk-468-1.pdf>]
Kapitel 19.
[232

] [233]
Anhang A.
[234

] [235] [236]
Anhang B.
[237

]
Underfull \vbox (badness 10000) detected at line 17472
 []


Overfull \vbox (0.38135pt too high) detected at line 17472
 []

[238] (./main.bbl [239]
Underfull \hbox (badness 3884) in paragraph at lines 107--111
[]\T1/pplx/m/n/10 Clark, Mi-cha-el. 2019.  Ge-ne-ra-li-zed ad-di-ti-ve mo-dels.
  []$\T1/cmtt/m/n/10 https : / / m-[]clark . github . io /
 []

[240

] [241] [242] [243] [244] [245])

Package natbib Warning: There were undefined citations.

[246] (./main.aux)

LaTeX Font Warning: Size substitutions with differences
(Font)              up to 0.43996pt have occurred.


LaTeX Font Warning: Some font shapes were not available, defaults substituted.

Package rerunfilecheck Info: File `main.out' has not changed.
(rerunfilecheck)             Checksum: B1DCF5717C74345EF1F3ADBB68118E35;23151.
 ) 
Here is how much of TeX's memory you used:
 18923 strings out of 480194
 313989 string characters out of 5893742
 641301 words of memory out of 5000000
 35345 multiletter control sequences out of 15000+600000
 580299 words of font info for 250 fonts, out of 8000000 for 9000
 14 hyphenation exceptions out of 8191
 69i,10n,117p,1396b,671s stack positions out of 5000i,500n,10000p,200000b,80000s
 </home/jan/.texlive2021/texmf-var/fonts/pk/ljfour/jknappen/ec/ectt1440.600pk
> </home/jan/.texlive2021/texmf-var/fonts/pk/ljfour/jknappen/ec/ectt0900.600pk>
 </home/jan/.texlive2021/texmf-var/fonts/pk/ljfour/jknappen/ec/tcit1000.600pk> 
</home/jan/.texlive2021/texmf-var/fonts/pk/ljfour/jknappen/ec/tctt1000.600pk> <
/home/jan/.texlive2021/texmf-var/fonts/pk/ljfour/jknappen/ec/ecit1000.600pk> </
home/jan/.texlive2021/texmf-var/fonts/pk/ljfour/jknappen/ec/ectt0800.600pk>{/us
r/share/texlive/texmf-dist/fonts/enc/dvips/base/8r.enc} </home/jan/.texlive2021
/texmf-var/fonts/pk/ljfour/jknappen/ec/ectt1000.600pk> </home/jan/.texlive2021/
texmf-var/fonts/pk/ljfour/jknappen/ec/ectt1200.600pk></usr/share/texlive/texmf-
dist/fonts/type1/public/amsfonts/cm/cmex10.pfb></usr/share/texlive/texmf-dist/f
onts/type1/public/amsfonts/cm/cmmi10.pfb></usr/share/texlive/texmf-dist/fonts/t
ype1/public/amsfonts/cm/cmr10.pfb></usr/share/texlive/texmf-dist/fonts/type1/pu
blic/amsfonts/cm/cmsy10.pfb></usr/share/texlive/texmf-dist/fonts/type1/public/m
athpazo/fplmbb.pfb></usr/share/texlive/texmf-dist/fonts/type1/public/mathpazo/f
plmr.pfb></usr/share/texlive/texmf-dist/fonts/type1/public/mathpazo/fplmri.pfb>
</usr/share/texlive/texmf-dist/fonts/type1/public/fpl/fplrc8a.pfb></usr/share/t
exlive/texmf-dist/fonts/type1/urw/palatino/uplb8a.pfb></usr/share/texlive/texmf
-dist/fonts/type1/urw/palatino/uplbi8a.pfb></usr/share/texlive/texmf-dist/fonts
/type1/urw/palatino/uplr8a.pfb></usr/share/texlive/texmf-dist/fonts/type1/urw/p
alatino/uplri8a.pfb>
Output written on main.pdf (250 pages, 3424698 bytes).
PDF statistics:
 4730 PDF objects out of 5155 (max. 8388607)
 3771 compressed objects within 38 object streams
 1059 named destinations out of 1200 (max. 500000)
 1442 words of extra memory for PDF output out of 10000 (max. 10000000)

